**********    Thu Apr 28 16:47:27 EDT 2011: PLACING LOG IN logs/2.log
 XXX 
**********    Running raw to phase 1 conversion
Entering phase 1
Entering raw
Processing 2.PDF
Determining pagecount from 2.PDF
Extracting page 1 from 2.PDF
Processing 2011, SP semester, course 0109
Extracting page 2 from 2.PDF
Processing 2011, SP semester, course 0592
Extracting page 3 from 2.PDF
Processing 2011, SP semester, course 0593
Extracting page 4 from 2.PDF
Processing 2011, SP semester, course 0594
Extracting page 5 from 2.PDF
Processing 2011, SP semester, course 0595
Extracting page 6 from 2.PDF
Processing 2011, SP semester, course 0596
Extracting page 7 from 2.PDF
Processing 2011, SP semester, course 0597
Extracting page 8 from 2.PDF
Processing 2011, SP semester, course 0598
Extracting page 9 from 2.PDF
Processing 2011, SP semester, course 0599
Extracting page 10 from 2.PDF
Processing 2011, SP semester, course 0600
Extracting page 11 from 2.PDF
Processing 2011, SP semester, course 0601
Extracting page 12 from 2.PDF
Processing 2011, SP semester, course 0602
Extracting page 13 from 2.PDF
Processing 2011, SP semester, course 0605
Extracting page 14 from 2.PDF
Processing 2011, SP semester, course 0606
Extracting page 15 from 2.PDF
Processing 2011, SP semester, course 0607
Extracting page 16 from 2.PDF
Processing 2011, SP semester, course 0608
Extracting page 17 from 2.PDF
Processing 2011, SP semester, course 0610
Extracting page 18 from 2.PDF
Processing 2011, SP semester, course 0611
Extracting page 19 from 2.PDF
Processing 2011, SP semester, course 0612
Extracting page 20 from 2.PDF
Processing 2011, SP semester, course 0613
Extracting page 21 from 2.PDF
Processing 2011, SP semester, course 0616
Extracting page 22 from 2.PDF
Processing 2011, SP semester, course 0617
Extracting page 23 from 2.PDF
Processing 2011, SP semester, course 0618
Extracting page 24 from 2.PDF
Processing 2011, SP semester, course 0619
Extracting page 25 from 2.PDF
Processing 2011, SP semester, course 0620
Extracting page 26 from 2.PDF
Processing 2011, SP semester, course 0622
Extracting page 27 from 2.PDF
Processing 2011, SP semester, course 0623
Extracting page 28 from 2.PDF
Processing 2011, SP semester, course 0624
Extracting page 29 from 2.PDF
Processing 2011, SP semester, course 0625
Extracting page 30 from 2.PDF
Processing 2011, SP semester, course 0626
Extracting page 31 from 2.PDF
Processing 2011, SP semester, course 0627
Extracting page 32 from 2.PDF
Processing 2011, SP semester, course 0628
Extracting page 33 from 2.PDF
Processing 2011, SP semester, course 0629
Extracting page 34 from 2.PDF
Processing 2011, SP semester, course 0630
Extracting page 35 from 2.PDF
Processing 2011, SP semester, course 0631
Extracting page 36 from 2.PDF
Processing 2011, SP semester, course 0632
Extracting page 37 from 2.PDF
Processing 2011, SP semester, course 0633
Extracting page 38 from 2.PDF
Processing 2011, SP semester, course 0635
Extracting page 39 from 2.PDF
Processing 2011, SP semester, course 0636
Extracting page 40 from 2.PDF
Processing 2011, SP semester, course 0637
Extracting page 41 from 2.PDF
Processing 2011, SP semester, course 0638
Extracting page 42 from 2.PDF
Processing 2011, SP semester, course 0639
Extracting page 43 from 2.PDF
Processing 2011, SP semester, course 0640
Extracting page 44 from 2.PDF
Processing 2011, SP semester, course 0641
Extracting page 45 from 2.PDF
Processing 2011, SP semester, course 0642
Extracting page 46 from 2.PDF
Processing 2011, SP semester, course 0643
Extracting page 47 from 2.PDF
Processing 2011, SP semester, course 0644
Extracting page 48 from 2.PDF
Processing 2011, SP semester, course 0645
Extracting page 49 from 2.PDF
Processing 2011, SP semester, course 0646
Extracting page 50 from 2.PDF
Processing 2011, SP semester, course 0647
Extracting page 51 from 2.PDF
Processing 2011, SP semester, course 0649
Extracting page 52 from 2.PDF
Processing 2011, SP semester, course 0650
Extracting page 53 from 2.PDF
Processing 2011, SP semester, course 0651
Extracting page 54 from 2.PDF
Processing 2011, SP semester, course 0652
Extracting page 55 from 2.PDF
Processing 2011, SP semester, course 0653
Extracting page 56 from 2.PDF
Processing 2011, SP semester, course 0654
Extracting page 57 from 2.PDF
Processing 2011, SP semester, course 0655
Extracting page 58 from 2.PDF
Processing 2011, SP semester, course 0656
Extracting page 59 from 2.PDF
Processing 2011, SP semester, course 0657
Extracting page 60 from 2.PDF
Processing 2011, SP semester, course 0658
Extracting page 61 from 2.PDF
Processing 2011, SP semester, course 0659
Extracting page 62 from 2.PDF
Processing 2011, SP semester, course 0660
Extracting page 63 from 2.PDF
Processing 2011, SP semester, course 0661
Extracting page 64 from 2.PDF
Processing 2011, SP semester, course 0662
Extracting page 65 from 2.PDF
Processing 2011, SP semester, course 0663
Extracting page 66 from 2.PDF
Processing 2011, SP semester, course 0664
Extracting page 67 from 2.PDF
Processing 2011, SP semester, course 0665
Extracting page 68 from 2.PDF
Processing 2011, SP semester, course 0666
Extracting page 69 from 2.PDF
Processing 2011, SP semester, course 0667
Extracting page 70 from 2.PDF
Processing 2011, SP semester, course 0668
Extracting page 71 from 2.PDF
Processing 2011, SP semester, course 0669
Extracting page 72 from 2.PDF
Processing 2011, SP semester, course 0670
Extracting page 73 from 2.PDF
Processing 2011, SP semester, course 0671
Extracting page 74 from 2.PDF
Processing 2011, SP semester, course 0672
Extracting page 75 from 2.PDF
Processing 2011, SP semester, course 0673
Extracting page 76 from 2.PDF
Processing 2011, SP semester, course 0675
Extracting page 77 from 2.PDF
Processing 2011, SP semester, course 0676
Extracting page 78 from 2.PDF
Processing 2011, SP semester, course 0677
Extracting page 79 from 2.PDF
Processing 2011, SP semester, course 0678
Extracting page 80 from 2.PDF
Processing 2011, SP semester, course 0679
Extracting page 81 from 2.PDF
Processing 2011, SP semester, course 1163
Extracting page 82 from 2.PDF
Processing 2011, SP semester, course 1164
Extracting page 83 from 2.PDF
Processing 2011, SP semester, course 1165
Extracting page 84 from 2.PDF
Processing 2011, SP semester, course 1166
Extracting page 85 from 2.PDF
Processing 2011, SP semester, course 1167
Extracting page 86 from 2.PDF
Processing 2011, SP semester, course 1168
Extracting page 87 from 2.PDF
Processing 2011, SP semester, course 1169
Extracting page 88 from 2.PDF
Processing 2011, SP semester, course 1170
Extracting page 89 from 2.PDF
Processing 2011, SP semester, course 1171
Extracting page 90 from 2.PDF
Processing 2011, SP semester, course 1172
Extracting page 91 from 2.PDF
Processing 2011, SP semester, course 1173
Extracting page 92 from 2.PDF
Processing 2011, SP semester, course 1174
Extracting page 93 from 2.PDF
Processing 2011, SP semester, course 1175
Extracting page 94 from 2.PDF
Processing 2011, SP semester, course 1176
Extracting page 95 from 2.PDF
Processing 2011, SP semester, course 1177
Extracting page 96 from 2.PDF
Processing 2011, SP semester, course 1331
Extracting page 97 from 2.PDF
Processing 2011, SP semester, course 1332
Extracting page 98 from 2.PDF
Processing 2011, SP semester, course 1374
Extracting page 99 from 2.PDF
Processing 2011, SP semester, course 1375
Extracting page 100 from 2.PDF
Processing 2011, SP semester, course 1376
Extracting page 101 from 2.PDF
Processing 2011, SP semester, course 1377
Extracting page 102 from 2.PDF
Processing 2011, SP semester, course 1395
Extracting page 103 from 2.PDF
Processing 2011, SP semester, course 1421
Extracting page 104 from 2.PDF
Processing 2011, SP semester, course 1518
Extracting page 105 from 2.PDF
Processing 2011, SP semester, course 1519
Extracting page 106 from 2.PDF
Processing 2011, SP semester, course 1520
Extracting page 107 from 2.PDF
Processing 2011, SP semester, course 1568
Extracting page 108 from 2.PDF
Processing 2011, SP semester, course 1578
Extracting page 109 from 2.PDF
Processing 2011, SP semester, course 1579
Extracting page 110 from 2.PDF
Processing 2011, SP semester, course 1597
Extracting page 111 from 2.PDF
Processing 2011, SP semester, course 1604
Extracting page 112 from 2.PDF
Processing 2011, SP semester, course 1605
Extracting page 113 from 2.PDF
Processing 2011, SP semester, course 1606
Extracting page 114 from 2.PDF
Processing 2011, SP semester, course 1607
Extracting page 115 from 2.PDF
Processing 2011, SP semester, course 1608
Extracting page 116 from 2.PDF
Processing 2011, SP semester, course 1609
Extracting page 117 from 2.PDF
Processing 2011, SP semester, course 1617
Extracting page 118 from 2.PDF
Processing 2011, SP semester, course 1618
Extracting page 119 from 2.PDF
Processing 2011, SP semester, course 1619
Extracting page 120 from 2.PDF
Processing 2011, SP semester, course 1640
Extracting page 121 from 2.PDF
Processing 2011, SP semester, course 1644
Extracting page 122 from 2.PDF
Processing 2011, SP semester, course 1645
Extracting page 123 from 2.PDF
Processing 2011, SP semester, course 1716
Extracting page 124 from 2.PDF
Processing 2011, SP semester, course 1717
Extracting page 125 from 2.PDF
Processing 2011, SP semester, course 1723
Extracting page 126 from 2.PDF
Processing 2011, SP semester, course 1724
Extracting page 127 from 2.PDF
Processing 2011, SP semester, course 2172
Extracting page 128 from 2.PDF
Processing 2011, SP semester, course 2183
Extracting page 129 from 2.PDF
Processing 2011, SP semester, course 2184
Extracting page 130 from 2.PDF
Processing 2011, SP semester, course 2191
Extracting page 131 from 2.PDF
Processing 2011, SP semester, course 2203
Extracting page 132 from 2.PDF
Processing 2011, SP semester, course 2204
Extracting page 133 from 2.PDF
Processing 2011, SP semester, course 2205
Extracting page 134 from 2.PDF
Processing 2011, SP semester, course 2207
Extracting page 135 from 2.PDF
Processing 2011, SP semester, course 2208
Extracting page 136 from 2.PDF
Processing 2011, SP semester, course 2459
Extracting page 137 from 2.PDF
Processing 2011, SP semester, course 4936
Extracting page 138 from 2.PDF
Processing 2011, SP semester, course 4937
Extracting page 139 from 2.PDF
Processing 2011, SP semester, course 4938
Extracting page 140 from 2.PDF
Processing 2011, SP semester, course 4939
Extracting page 141 from 2.PDF
Processing 2011, SP semester, course 4949
Extracting page 142 from 2.PDF
Processing 2011, SP semester, course 4953
Extracting page 143 from 2.PDF
Processing 2011, SP semester, course 4954
Extracting page 144 from 2.PDF
Processing 2011, SP semester, course 4955
Extracting page 145 from 2.PDF
Processing 2011, SP semester, course 4956
Extracting page 146 from 2.PDF
Processing 2011, SP semester, course 4957
Extracting page 147 from 2.PDF
Processing 2011, SP semester, course 4958
Extracting page 148 from 2.PDF
Processing 2011, SP semester, course 5000
Extracting page 149 from 2.PDF
Processing 2011, SP semester, course 5001
Extracting page 150 from 2.PDF
Processing 2011, SP semester, course 5002
Extracting page 151 from 2.PDF
Processing 2011, SP semester, course 5003
Extracting page 152 from 2.PDF
Processing 2011, SP semester, course 5004
Extracting page 153 from 2.PDF
Processing 2011, SP semester, course 5006
Extracting page 154 from 2.PDF
Processing 2011, SP semester, course 5166
Extracting page 155 from 2.PDF
Processing 2011, SP semester, course 5167
Extracting page 156 from 2.PDF
Processing 2011, SP semester, course 5195
Extracting page 157 from 2.PDF
Processing 2011, SP semester, course 5196
Extracting page 158 from 2.PDF
Processing 2011, SP semester, course 5197
Extracting page 159 from 2.PDF
Processing 2011, SP semester, course 5198
Extracting page 160 from 2.PDF
Processing 2011, SP semester, course 5199
Extracting page 161 from 2.PDF
Processing 2011, SP semester, course 5282
Extracting page 162 from 2.PDF
Processing 2011, SP semester, course 5283
Extracting page 163 from 2.PDF
Processing 2011, SP semester, course 5378
Extracting page 164 from 2.PDF
Processing 2011, SP semester, course 5753
Extracting page 165 from 2.PDF
Processing 2011, SP semester, course 5809
Extracting page 166 from 2.PDF
Processing 2011, SP semester, course 5810
Extracting page 167 from 2.PDF
Processing 2011, SP semester, course 5811
Extracting page 168 from 2.PDF
Processing 2011, SP semester, course 5812
Extracting page 169 from 2.PDF
Processing 2011, SP semester, course 5813
Extracting page 170 from 2.PDF
Processing 2011, SP semester, course 5814
Extracting page 171 from 2.PDF
Processing 2011, SP semester, course 5821
Extracting page 172 from 2.PDF
Processing 2011, SP semester, course 5838
Extracting page 173 from 2.PDF
Processing 2011, SP semester, course 5841
Extracting page 174 from 2.PDF
Processing 2011, SP semester, course 5871
Extracting page 175 from 2.PDF
Processing 2011, SP semester, course 5883
Extracting page 176 from 2.PDF
Processing 2011, SP semester, course 5894
**********    Completed
**********    Thu Apr 28 16:47:32 EDT 2011
**********    Running phase1 to phase 2 conversion
Processing 2011-SP-0109.txt... CLT101-99(0109) COMPUTER_LITERACY [Primak_D]
Processing 2011-SP-0592.txt... MAT104-01(0109) PACED_MODERN_MATH [Stern_L]
Processing 2011-SP-0593.txt... MAT104-02(0592) PACED_MODERN_MATH [Aronoff_R]
Processing 2011-SP-0594.txt... MAT104-301(0593) PACED_MODERN_MATH [Shamuilova_R]
Processing 2011-SP-0595.txt... MAT104-05(0594) PACED_MODERN_MATH [Samuel_S]
Processing 2011-SP-0596.txt... MAT104-03(0595) PACED_MODERN_MATH [Jo_L]
Processing 2011-SP-0597.txt... MAT104-04(0596) PACED_MODERN_MATH [Stern_L]
Processing 2011-SP-0598.txt... MAT104-06(0597) PACED_MODERN_MATH [Peikes_M]
Processing 2011-SP-0599.txt... MAT104-09(0598) PACED_MODERN_MATH [JI_R]
Processing 2011-SP-0600.txt... MAT104-10(0599) PACED_MODERN_MATH [Hersh_H]
Processing 2011-SP-0601.txt... MAT104-11(0600) PACED_MODERN_MATH [Giordano_J]
Processing 2011-SP-0602.txt... MAT104-12(0601) PACED_MODERN_MATH [Green_E]
Processing 2011-SP-0605.txt... MAT104-15(0602) PACED_MODERN_MATH [CHEN_T]
Processing 2011-SP-0606.txt... MAT104-16(0605) PACED_MODERN_MATH [Bryk_J]
Processing 2011-SP-0607.txt... MAT104-17(0606) PACED_MODERN_MATH [Green_E]
Processing 2011-SP-0608.txt... MAT104-304(0607) PACED_MODERN_MATH [Ben_Zid_M]
Processing 2011-SP-0610.txt... MAT104-302(0608) PACED_MODERN_MATH [Shamuilova_R]
Processing 2011-SP-0611.txt... MAT104-22(0610) PACED_MODERN_MATH [Andreu_E]
Processing 2011-SP-0612.txt... MAT104-23(0611) PACED_MODERN_MATH [McGill_M]
Processing 2011-SP-0613.txt... MAT104-24(0612) PACED_MODERN_MATH [Agyen-Frempong_A]
Processing 2011-SP-0616.txt... MAT104-21(0613) PACED_MODERN_MATH [Samuel_S]
Processing 2011-SP-0617.txt... MAT104-18(0616) PACED_MODERN_MATH [Jo_L]
Processing 2011-SP-0618.txt... MAT105-01(0617) MODERN_MATH_3 [Trembinska_A]
Processing 2011-SP-0619.txt... MAT105-02(0618) MODERN_MATH_3 [Vanwagenen_L]
Processing 2011-SP-0620.txt... MAT105-03(0619) MODERN_MATH_3 [Islam_M]
Processing 2011-SP-0622.txt... MAT105-04(0620) MODERN_MATH_3 [Baruch_S]
Processing 2011-SP-0623.txt... MAT105-05(0622) MODERN_MATH_3 [Norasteh_P]
Processing 2011-SP-0624.txt... MAT108-01(0623) SOCIAL_SCI_MATH [Kugan_T]
Processing 2011-SP-0625.txt... MAT108-301(0624) SOCIAL_SCI_MATH [Williams_A]
Processing 2011-SP-0626.txt... MAT108-03(0625) SOCIAL_SCI_MATH [Kugan_T]
Processing 2011-SP-0627.txt... MAT108-04(0626) SOCIAL_SCI_MATH [Dragilyova_V]
Processing 2011-SP-0628.txt... MAT108-303(0627) SOCIAL_SCI_MATH [Tamari_E]
Processing 2011-SP-0629.txt... MAT108-06(0628) SOCIAL_SCI_MATH [Chugh_O]
Processing 2011-SP-0630.txt... MAT108-07(0629) SOCIAL_SCI_MATH [Dragilyova_V]
Processing 2011-SP-0631.txt... MAT108-08(0630) SOCIAL_SCI_MATH [Baruch_S]
Processing 2011-SP-0632.txt... MAT108-10(0631) SOCIAL_SCI_MATH [JIMENEZ_F]
Processing 2011-SP-0633.txt... MAT108-11(0632) SOCIAL_SCI_MATH [Georgatos_K]
Processing 2011-SP-0635.txt... MAT108-13(0633) SOCIAL_SCI_MATH [Toplan_S]
Processing 2011-SP-0636.txt... MAT108-14(0635) SOCIAL_SCI_MATH [Georgatos_K]
Processing 2011-SP-0637.txt... MAT108-15(0636) SOCIAL_SCI_MATH [Farraj_R]
Processing 2011-SP-0638.txt... MAT108-17(0637) SOCIAL_SCI_MATH [Norasteh_P]
Processing 2011-SP-0639.txt... MAT108-19(0638) SOCIAL_SCI_MATH [McGill_M]
Processing 2011-SP-0640.txt... MAT108-20(0639) SOCIAL_SCI_MATH [Nartey_L]
Processing 2011-SP-0641.txt... MAT108-21(0640) SOCIAL_SCI_MATH [Martinez_D]
Processing 2011-SP-0642.txt... MAT108-22(0641) SOCIAL_SCI_MATH [Martinez_D]
Processing 2011-SP-0643.txt... MAT108-23(0642) SOCIAL_SCI_MATH [Polanco_E]
Processing 2011-SP-0644.txt... MAT108-24(0643) SOCIAL_SCI_MATH [Polanco_E]
Processing 2011-SP-0645.txt... MAT108-25(0644) SOCIAL_SCI_MATH [Islam_M]
Processing 2011-SP-0646.txt... MAT108-26(0645) SOCIAL_SCI_MATH [Pollak_D]
Processing 2011-SP-0647.txt... MAT108-28(0646) SOCIAL_SCI_MATH [Polanco_E]
Processing 2011-SP-0649.txt... MAT108-30(0647) SOCIAL_SCI_MATH [Chugh_O]
Processing 2011-SP-0650.txt... MAT108-31(0649) SOCIAL_SCI_MATH [Thomas_K]
Processing 2011-SP-0651.txt... MAT108-32(0650) SOCIAL_SCI_MATH [Hoenig_A]
Processing 2011-SP-0652.txt... MAT108-33(0651) SOCIAL_SCI_MATH [Stambaugh_T]
Processing 2011-SP-0653.txt... MAT108-34(0652) SOCIAL_SCI_MATH [JIMENEZ_F]
Processing 2011-SP-0654.txt... MAT108-35(0653) SOCIAL_SCI_MATH [Toplan_S]
Processing 2011-SP-0655.txt... MAT108-27(0654) SOCIAL_SCI_MATH [Miller_E]
Processing 2011-SP-0656.txt... MAT141-02(0655) PRE-CALCULUS [Vodounon_M]
Processing 2011-SP-0657.txt... MAT141-03(0656) PRE-CALCULUS [Pollak_D]
Processing 2011-SP-0658.txt... MAT141-05(0657) PRE-CALCULUS [Johnson_H]
Processing 2011-SP-0659.txt... MAT141-06(0658) PRE-CALCULUS [Johnson_H]
Processing 2011-SP-0660.txt... MAT141-07(0659) PRE-CALCULUS [Pannizzo_F]
Processing 2011-SP-0661.txt... MAT141-09(0660) PRE-CALCULUS [Gilde_E]
Processing 2011-SP-0662.txt... MAT141-01(0661) PRE-CALCULUS [Vodounon_M]
Processing 2011-SP-0663.txt... MAT241-301(0662) CALCULUS_1 [Younis_N]
Processing 2011-SP-0664.txt... MAT241-03(0663) CALCULUS_1 [Biester_G]
Processing 2011-SP-0665.txt... MAT241-04(0664) CALCULUS_1 [Salane_D]
Processing 2011-SP-0666.txt... MAT241-05(0665) CALCULUS_1 [Salane_D]
Processing 2011-SP-0667.txt... MAT242-01(0666) CALCULUS_2 [Miller_E]
Processing 2011-SP-0668.txt... MAT242-02(0667) CALCULUS_2 [Hoenig_A]
Processing 2011-SP-0669.txt... MAT242-03(0668) CALCULUS_2 [Miller_E]
Processing 2011-SP-0670.txt... MAT242-04(0669) CALCULUS_2 [McGill_M]
Processing 2011-SP-0671.txt... MAT271-01(0670) INTRO_COMPUTANDPROG [Nikolopoulos_K]
Processing 2011-SP-0672.txt... MAT272-01(0671) OBJECT_ORIENTED_PROG [Pannizzo_F]
Processing 2011-SP-0673.txt... MAT279-01(0672) INT_TELECOMMUNIC [Nikolopoulos_K]
Processing 2011-SP-0675.txt... MAT374-01(0673) PROGRAM_LANGUAGES [Ji_P]
Processing 2011-SP-0676.txt... MAT374-02(0675) PROGRAM_LANGUAGES [Ji_P]
Processing 2011-SP-0677.txt... MAT377-01(0676) COMPUTER_ALGORITHMS [Mantharam_M]
Processing 2011-SP-0678.txt... MAT377-02(0677) COMPUTER_ALGORITHMS [Mantharam_M]
Processing 2011-SP-0679.txt... MAT404-01(0678) INTERN_MIS [Graff_S]
Processing 2011-SP-1163.txt... STA250-01(0679) STAT-PRIN/METHODS [SHLOSBERG_A]
Processing 2011-SP-1164.txt... STA250-98(1163) STAT-PRIN/METHODS [Christiansen_K]
Processing 2011-SP-1165.txt... STA250-03(1164) STAT-PRIN/METHODS [Christiansen_K]
Processing 2011-SP-1166.txt... STA250-04(1165) STAT-PRIN/METHODS [Kola_B]
Processing 2011-SP-1167.txt... STA250-06(1166) STAT-PRIN/METHODS [GRIFFIN_K]
Processing 2011-SP-1168.txt... STA250-07(1167) STAT-PRIN/METHODS [Gerber_G]
Processing 2011-SP-1169.txt... STA250-08(1168) STAT-PRIN/METHODS [Kopp_P]
Processing 2011-SP-1170.txt... STA250-09(1169) STAT-PRIN/METHODS [Chandrakantha_M]
Processing 2011-SP-1171.txt... STA250-99(1170) STAT-PRIN/METHODS [Smith_M]
Processing 2011-SP-1172.txt... STA250-13(1171) STAT-PRIN/METHODS [PO_LAM_H]
Processing 2011-SP-1173.txt... STA250-15(1172) STAT-PRIN/METHODS [PO_LAM_H]
Processing 2011-SP-1174.txt... STA250-16(1173) STAT-PRIN/METHODS [GRIFFIN_K]
Processing 2011-SP-1175.txt... STA250-18(1174) STAT-PRIN/METHODS [Olaoye_E]
Processing 2011-SP-1176.txt... STA250-19(1175) STAT-PRIN/METHODS [Olaoye_E]
Processing 2011-SP-1177.txt... STA250-301(1176) STAT-PRIN/METHODS [Fernandez_T]
Processing 2011-SP-1331.txt... STA250-12(1177) STAT-PRIN/METHODS [Kroll_R]
Processing 2011-SP-1332.txt... MAT241-02(1331) CALCULUS_1 [Johnson_H]
Processing 2011-SP-1374.txt... STA250-05(1332) STAT-PRIN/METHODS [Kola_B]
Processing 2011-SP-1375.txt... STA250-14(1374) STAT-PRIN/METHODS [Epstein_C]
Processing 2011-SP-1376.txt... STA250-17(1375) STAT-PRIN/METHODS [Smith_M]
Processing 2011-SP-1377.txt... STA250-20(1376) STAT-PRIN/METHODS [Kopp_P]
Processing 2011-SP-1395.txt... CLT101-98(1377) COMPUTER_LITERACY [Schultz_E]
Processing 2011-SP-1421.txt... MAT470-01(1395) DATBASE_SYS_CRJ [Bakiras_S]
Processing 2011-SP-1518.txt... FCM710-01(1421) ARCHTCTRE_SEC_OP_SYS [Khan_B]
Processing 2011-SP-1519.txt... FCM742-01(1518) NETWORK_SECURITY [Sengupta_S]
Processing 2011-SP-1520.txt... FCM705-01(1519) MATH_STAT_FOS_ANLSYS [Kan_S]
Processing 2011-SP-1568.txt... CLT101-96(1520) COMPUTER_LITERACY [McKiever_S]
Processing 2011-SP-1578.txt... MAT279-02(1568) INT_TELECOMMUNIC [Thompson_K]
Processing 2011-SP-1579.txt... MAT271-02(1578) INTRO_COMPUTANDPROG [Siegel_E]
Processing 2011-SP-1597.txt... FCM752-01(1579) LAW_AND_HIGH_TECH_CRIM [Schwartz_A]
Processing 2011-SP-1604.txt... MAT105-07(1597) MODERN_MATH_3 [Younis_N]
Processing 2011-SP-1605.txt... MAT108-18(1604) SOCIAL_SCI_MATH [Georgatos_K]
Processing 2011-SP-1606.txt... MAT108-38(1605) SOCIAL_SCI_MATH [Giordano_J]
Processing 2011-SP-1607.txt... MAT141-04(1606) PRE-CALCULUS [Pollak_D]
Processing 2011-SP-1608.txt... MAT141-10(1607) PRE-CALCULUS [Trembinska_A]
Processing 2011-SP-1609.txt... MAT141-11(1608) PRE-CALCULUS [Graff_S]
Processing 2011-SP-1617.txt... MAT108-302(1609) SOCIAL_SCI_MATH [Tamari_E]
Processing 2011-SP-1618.txt... MAT141-08(1617) PRE-CALCULUS [Graff_S]
Processing 2011-SP-1619.txt... MAT204-01(1618) DISCRETE_STRUCTURES [Puls_M]
Processing 2011-SP-1640.txt... STA250-10(1619) STAT-PRIN/METHODS [Chandrakantha_M]
Processing 2011-SP-1644.txt... MAT108-37(1640) SOCIAL_SCI_MATH [Vodounon_M]
Processing 2011-SP-1645.txt... MAT108-29(1644) SOCIAL_SCI_MATH [McGill_M]
Processing 2011-SP-1716.txt... FCM727-01(1645) CYBERCRIMINOLOGY [Lovely_R]
Processing 2011-SP-1717.txt... FCM740-01(1716) DATA_COM_FOREN_AND_SEC [Bakiras_S]
Processing 2011-SP-1723.txt... MAT108-16(1717) SOCIAL_SCI_MATH [Simone_J]
Processing 2011-SP-1724.txt... MAT108-09(1723) SOCIAL_SCI_MATH [Bryk_J]
Processing 2011-SP-2172.txt... STA250-11(1724) STAT-PRIN/METHODS [Parkin_W]
Processing 2011-SP-2183.txt... CLT101-03(2172) COMPUTER_LITERACY [Mandelbaum_H]
Processing 2011-SP-2184.txt... CLT101-02(2183) COMPUTER_LITERACY [Younis_N]
Processing 2011-SP-2191.txt... MAT220-01(2184) SURV_CONC_OPR_RES [Chandrakantha_M]
Processing 2011-SP-2203.txt... MAT379-01(2191) COMPUTER_NETWORKING [Sengupta_S]
Processing 2011-SP-2204.txt... MAT301-01(2203) PROBABLTY_AND_STA_1 [Shenkin_P]
Processing 2011-SP-2205.txt... MAT141-12(2204) PRE-CALCULUS [Welz_G]
Processing 2011-SP-2207.txt... MAT260-01(2205) DATA_PROCESSING [Gershman_K]
Processing 2011-SP-2208.txt... MAT270-01(2207) SEC_COMPUTER_DATA [Isaacs_P]
Processing 2011-SP-2459.txt... MAT108-40(2208) SOCIAL_SCI_MATH [Tamari_E]
Processing 2011-SP-4936.txt... MAT324-02(2459) OPERATIONS_RSCH [Puls_M]
Processing 2011-SP-4937.txt... MAT272-02(4936) OBJECT_ORIENTED_PROG [Mantharam_M]
Processing 2011-SP-4938.txt... MAT271-04(4937) INTRO_COMPUTANDPROG [Kan_S]
Processing 2011-SP-4939.txt... MAT260-99(4938) DATA_PROCESSING [Borowski_K]
Processing 2011-SP-4949.txt... MAT220-02(4939) SURV_CONC_OPR_RES [Chandrakantha_M]
Processing 2011-SP-4953.txt... MAT108-45(4949) SOCIAL_SCI_MATH [Hoenig_A]
Processing 2011-SP-4954.txt... MAT108-46(4953) SOCIAL_SCI_MATH [Kugan_T]
Processing 2011-SP-4955.txt... MAT108-43(4954) SOCIAL_SCI_MATH [Thomas_K]
Processing 2011-SP-4956.txt... MAT108-44(4955) SOCIAL_SCI_MATH [Miller_E]
Processing 2011-SP-4957.txt... MAT108-41(4956) SOCIAL_SCI_MATH [Peikes_M]
Processing 2011-SP-4958.txt... MAT108-42(4957) SOCIAL_SCI_MATH [Thomas_K]
Processing 2011-SP-5000.txt... MAT104-13(4958) PACED_MODERN_MATH [Kalmus_M]
Processing 2011-SP-5001.txt... MAT104-08(5000) PACED_MODERN_MATH [Bryk_J]
Processing 2011-SP-5002.txt... MAT104-07(5001) PACED_MODERN_MATH [Samuel_S]
Processing 2011-SP-5003.txt... MAT104-20(5002) PACED_MODERN_MATH [Karabulut_C]
Processing 2011-SP-5004.txt... MAT104-14(5003) PACED_MODERN_MATH [Aronoff_R]
Processing 2011-SP-5006.txt... STA250-02(5004) STAT-PRIN/METHODS [Wallace_D]
Processing 2011-SP-5166.txt... STA250-302(5006) STAT-PRIN/METHODS [Fernandez_T]
Processing 2011-SP-5167.txt... STA250-22(5166) STAT-PRIN/METHODS [Christiansen_K]
Processing 2011-SP-5195.txt... MAT108-99(5167) SOCIAL_SCI_MATH [Noboa_J]
Processing 2011-SP-5196.txt... MAT108-98(5195) SOCIAL_SCI_MATH [Noboa_J]
Processing 2011-SP-5197.txt... MAT278-01(5196) SOFTWR_OFF_MGMT [Mandelbaum_H]
Processing 2011-SP-5198.txt... MAT277-01(5197) COMP:STRA_DEC-MAK [Kugan_T]
Processing 2011-SP-5199.txt... MAT105-06(5198) MODERN_MATH_3 [Trembinska_A]
Processing 2011-SP-5282.txt... MAT241-06(5199) CALCULUS_1 [Simone_J]
Processing 2011-SP-5283.txt... MAT242-06(5282) CALCULUS_2 [Baruch_S]
Processing 2011-SP-5378.txt... STA250-303(5283) STAT-PRIN/METHODS [Guajardo_S]
Processing 2011-SP-5753.txt... FCM818-350(5378) DIG_FORNSCS_AND_SEC_II [Mantharam_M]
Processing 2011-SP-5809.txt... MAT105-50(5753) MODERN_MATH_3 [Hersh_H]
Processing 2011-SP-5810.txt... MAT108-50(5809) SOCIAL_SCI_MATH [Toplan_S]
Processing 2011-SP-5811.txt... MAT141-50(5810) PRE-CALCULUS [Gilde_E]
Processing 2011-SP-5812.txt... MAT241-50(5811) CALCULUS_1 [Georgatos_K]
Processing 2011-SP-5813.txt... MAT105-51(5812) MODERN_MATH_3 [Melhem_A]
Processing 2011-SP-5814.txt... MAT108-51(5813) SOCIAL_SCI_MATH [Farraj_R]
Processing 2011-SP-5821.txt... MAT104-50(5814) PACED_MODERN_MATH [Stambaugh_T]
Processing 2011-SP-5838.txt... FCM791-150(5821) PROSPECTUS_SEMINAR [Khan_B]
Processing 2011-SP-5841.txt... MAT489-150(5838) SW_QUAL_ASSURANCE [Khan_B]
Processing 2011-SP-5871.txt... MAT105-52(5841) MODERN_MATH_3 [Binns_K]
Processing 2011-SP-5883.txt... FCM780-150(5871) FIELD_WORK_IN_FCM [Lovely_R]
Processing 2011-SP-5894.txt... MAT243-150(5883) CALCULUS_3 [Puls_M]
**********    Thu Apr 28 16:47:37 EDT 2011
**********    Running load-temp.sql, showing added rows:
**********    Thu Apr 28 16:47:37 EDT 2011
**********    Running load-course.sql, showing added rows:
**********    Thu Apr 28 16:47:37 EDT 2011
**********    Running load-student.sql, showing added rows:
**********    Thu Apr 28 16:47:37 EDT 2011
**********    Running load-prof.sql, showing added rows:
**********    Thu Apr 28 16:47:37 EDT 2011
**********    Running load-offering.sql, showing added rows:
**********    Thu Apr 28 16:47:37 EDT 2011
**********    Running load-registration.sql, showing added rows:
**********    Thu Apr 28 16:47:38 EDT 2011
**********    Moving raw/* to processed
**********    Thu Apr 28 16:47:38 EDT 2011
**********    Cleaning out phase1/*
**********    Thu Apr 28 16:47:38 EDT 2011
**********    Cleaning out phase2/*
