**********    Mon Oct 19 19:56:18 EDT 2009
**********    Running raw to phase 1 conversion
Processing 2008 (FA)
Extracting page 1 from FA-2008.pdf
Extracting page 2 from FA-2008.pdf
Extracting page 3 from FA-2008.pdf
Extracting page 4 from FA-2008.pdf
Extracting page 5 from FA-2008.pdf
Extracting page 6 from FA-2008.pdf
Extracting page 7 from FA-2008.pdf
Extracting page 8 from FA-2008.pdf
Extracting page 9 from FA-2008.pdf
Extracting page 10 from FA-2008.pdf
Extracting page 11 from FA-2008.pdf
Extracting page 12 from FA-2008.pdf
Extracting page 13 from FA-2008.pdf
Extracting page 14 from FA-2008.pdf
Extracting page 15 from FA-2008.pdf
Extracting page 16 from FA-2008.pdf
Extracting page 17 from FA-2008.pdf
Extracting page 18 from FA-2008.pdf
Extracting page 19 from FA-2008.pdf
Extracting page 20 from FA-2008.pdf
Extracting page 21 from FA-2008.pdf
Extracting page 22 from FA-2008.pdf
Extracting page 23 from FA-2008.pdf
Extracting page 24 from FA-2008.pdf
Extracting page 25 from FA-2008.pdf
Extracting page 26 from FA-2008.pdf
Extracting page 27 from FA-2008.pdf
Extracting page 28 from FA-2008.pdf
Extracting page 29 from FA-2008.pdf
Extracting page 30 from FA-2008.pdf
Extracting page 31 from FA-2008.pdf
Extracting page 32 from FA-2008.pdf
Extracting page 33 from FA-2008.pdf
Extracting page 34 from FA-2008.pdf
Extracting page 35 from FA-2008.pdf
Extracting page 36 from FA-2008.pdf
Extracting page 37 from FA-2008.pdf
Extracting page 38 from FA-2008.pdf
Extracting page 39 from FA-2008.pdf
Extracting page 40 from FA-2008.pdf
Extracting page 41 from FA-2008.pdf
Extracting page 42 from FA-2008.pdf
Extracting page 43 from FA-2008.pdf
Extracting page 44 from FA-2008.pdf
Extracting page 45 from FA-2008.pdf
Extracting page 46 from FA-2008.pdf
Extracting page 47 from FA-2008.pdf
Extracting page 48 from FA-2008.pdf
Extracting page 49 from FA-2008.pdf
Extracting page 50 from FA-2008.pdf
Extracting page 51 from FA-2008.pdf
Extracting page 52 from FA-2008.pdf
Extracting page 53 from FA-2008.pdf
Extracting page 54 from FA-2008.pdf
Extracting page 55 from FA-2008.pdf
Extracting page 56 from FA-2008.pdf
Extracting page 57 from FA-2008.pdf
Extracting page 58 from FA-2008.pdf
Extracting page 59 from FA-2008.pdf
Extracting page 60 from FA-2008.pdf
Extracting page 61 from FA-2008.pdf
Extracting page 62 from FA-2008.pdf
Extracting page 63 from FA-2008.pdf
Extracting page 64 from FA-2008.pdf
Extracting page 65 from FA-2008.pdf
Extracting page 66 from FA-2008.pdf
Extracting page 67 from FA-2008.pdf
Extracting page 68 from FA-2008.pdf
Extracting page 69 from FA-2008.pdf
Extracting page 70 from FA-2008.pdf
Extracting page 71 from FA-2008.pdf
Extracting page 72 from FA-2008.pdf
Extracting page 73 from FA-2008.pdf
Extracting page 74 from FA-2008.pdf
Extracting page 75 from FA-2008.pdf
Extracting page 76 from FA-2008.pdf
Extracting page 77 from FA-2008.pdf
Extracting page 78 from FA-2008.pdf
Extracting page 79 from FA-2008.pdf
Extracting page 80 from FA-2008.pdf
Extracting page 81 from FA-2008.pdf
Extracting page 82 from FA-2008.pdf
Extracting page 83 from FA-2008.pdf
Extracting page 84 from FA-2008.pdf
Extracting page 85 from FA-2008.pdf
Extracting page 86 from FA-2008.pdf
Extracting page 87 from FA-2008.pdf
Extracting page 88 from FA-2008.pdf
Extracting page 89 from FA-2008.pdf
Extracting page 90 from FA-2008.pdf
Extracting page 91 from FA-2008.pdf
Extracting page 92 from FA-2008.pdf
Extracting page 93 from FA-2008.pdf
Extracting page 94 from FA-2008.pdf
Extracting page 95 from FA-2008.pdf
Extracting page 96 from FA-2008.pdf
Extracting page 97 from FA-2008.pdf
Extracting page 98 from FA-2008.pdf
Extracting page 99 from FA-2008.pdf
Extracting page 100 from FA-2008.pdf
Extracting page 101 from FA-2008.pdf
Extracting page 102 from FA-2008.pdf
Extracting page 103 from FA-2008.pdf
Extracting page 104 from FA-2008.pdf
Extracting page 105 from FA-2008.pdf
Extracting page 106 from FA-2008.pdf
Extracting page 107 from FA-2008.pdf
Extracting page 108 from FA-2008.pdf
Extracting page 109 from FA-2008.pdf
Extracting page 110 from FA-2008.pdf
Extracting page 111 from FA-2008.pdf
Extracting page 112 from FA-2008.pdf
Extracting page 113 from FA-2008.pdf
Extracting page 114 from FA-2008.pdf
Extracting page 115 from FA-2008.pdf
Extracting page 116 from FA-2008.pdf
Extracting page 117 from FA-2008.pdf
Extracting page 118 from FA-2008.pdf
Extracting page 119 from FA-2008.pdf
Extracting page 120 from FA-2008.pdf
Extracting page 121 from FA-2008.pdf
Extracting page 122 from FA-2008.pdf
Extracting page 123 from FA-2008.pdf
Extracting page 124 from FA-2008.pdf
Extracting page 125 from FA-2008.pdf
Extracting page 126 from FA-2008.pdf
Extracting page 127 from FA-2008.pdf
Extracting page 128 from FA-2008.pdf
Extracting page 129 from FA-2008.pdf
Extracting page 130 from FA-2008.pdf
Extracting page 131 from FA-2008.pdf
Extracting page 132 from FA-2008.pdf
Extracting page 133 from FA-2008.pdf
Extracting page 134 from FA-2008.pdf
Extracting page 135 from FA-2008.pdf
Extracting page 136 from FA-2008.pdf
Extracting page 137 from FA-2008.pdf
Extracting page 138 from FA-2008.pdf
Extracting page 139 from FA-2008.pdf
Extracting page 140 from FA-2008.pdf
Extracting page 141 from FA-2008.pdf
Extracting page 142 from FA-2008.pdf
Extracting page 143 from FA-2008.pdf
Extracting page 144 from FA-2008.pdf
Extracting page 145 from FA-2008.pdf
Extracting page 146 from FA-2008.pdf
Extracting page 147 from FA-2008.pdf
Extracting page 148 from FA-2008.pdf
Extracting page 149 from FA-2008.pdf
Extracting page 150 from FA-2008.pdf
Extracting page 151 from FA-2008.pdf
Extracting page 152 from FA-2008.pdf
Extracting page 153 from FA-2008.pdf
Extracting page 154 from FA-2008.pdf
Extracting page 155 from FA-2008.pdf
Extracting page 156 from FA-2008.pdf
Processing Fa2009-Final (Fall)
Extracting page 1 from Fall-2009-Final.pdf
Extracting page 2 from Fall-2009-Final.pdf
Extracting page 3 from Fall-2009-Final.pdf
Extracting page 4 from Fall-2009-Final.pdf
Extracting page 5 from Fall-2009-Final.pdf
Extracting page 6 from Fall-2009-Final.pdf
Extracting page 7 from Fall-2009-Final.pdf
Extracting page 8 from Fall-2009-Final.pdf
Extracting page 9 from Fall-2009-Final.pdf
Extracting page 10 from Fall-2009-Final.pdf
Extracting page 11 from Fall-2009-Final.pdf
Extracting page 12 from Fall-2009-Final.pdf
Extracting page 13 from Fall-2009-Final.pdf
Extracting page 14 from Fall-2009-Final.pdf
Extracting page 15 from Fall-2009-Final.pdf
Extracting page 16 from Fall-2009-Final.pdf
Extracting page 17 from Fall-2009-Final.pdf
Extracting page 18 from Fall-2009-Final.pdf
Extracting page 19 from Fall-2009-Final.pdf
Extracting page 20 from Fall-2009-Final.pdf
Extracting page 21 from Fall-2009-Final.pdf
Extracting page 22 from Fall-2009-Final.pdf
Extracting page 23 from Fall-2009-Final.pdf
Extracting page 24 from Fall-2009-Final.pdf
Extracting page 25 from Fall-2009-Final.pdf
Extracting page 26 from Fall-2009-Final.pdf
Extracting page 27 from Fall-2009-Final.pdf
Extracting page 28 from Fall-2009-Final.pdf
Extracting page 29 from Fall-2009-Final.pdf
Extracting page 30 from Fall-2009-Final.pdf
Extracting page 31 from Fall-2009-Final.pdf
Extracting page 32 from Fall-2009-Final.pdf
Extracting page 33 from Fall-2009-Final.pdf
Extracting page 34 from Fall-2009-Final.pdf
Extracting page 35 from Fall-2009-Final.pdf
Extracting page 36 from Fall-2009-Final.pdf
Extracting page 37 from Fall-2009-Final.pdf
Extracting page 38 from Fall-2009-Final.pdf
Extracting page 39 from Fall-2009-Final.pdf
Extracting page 40 from Fall-2009-Final.pdf
Extracting page 41 from Fall-2009-Final.pdf
Extracting page 42 from Fall-2009-Final.pdf
Extracting page 43 from Fall-2009-Final.pdf
Extracting page 44 from Fall-2009-Final.pdf
Extracting page 45 from Fall-2009-Final.pdf
Extracting page 46 from Fall-2009-Final.pdf
Extracting page 47 from Fall-2009-Final.pdf
Extracting page 48 from Fall-2009-Final.pdf
Extracting page 49 from Fall-2009-Final.pdf
Extracting page 50 from Fall-2009-Final.pdf
Extracting page 51 from Fall-2009-Final.pdf
Extracting page 52 from Fall-2009-Final.pdf
Extracting page 53 from Fall-2009-Final.pdf
Extracting page 54 from Fall-2009-Final.pdf
Extracting page 55 from Fall-2009-Final.pdf
Extracting page 56 from Fall-2009-Final.pdf
Extracting page 57 from Fall-2009-Final.pdf
Extracting page 58 from Fall-2009-Final.pdf
Extracting page 59 from Fall-2009-Final.pdf
Extracting page 60 from Fall-2009-Final.pdf
Extracting page 61 from Fall-2009-Final.pdf
Extracting page 62 from Fall-2009-Final.pdf
Extracting page 63 from Fall-2009-Final.pdf
Extracting page 64 from Fall-2009-Final.pdf
Extracting page 65 from Fall-2009-Final.pdf
Extracting page 66 from Fall-2009-Final.pdf
Extracting page 67 from Fall-2009-Final.pdf
Extracting page 68 from Fall-2009-Final.pdf
Extracting page 69 from Fall-2009-Final.pdf
Extracting page 70 from Fall-2009-Final.pdf
Extracting page 71 from Fall-2009-Final.pdf
Extracting page 72 from Fall-2009-Final.pdf
Extracting page 73 from Fall-2009-Final.pdf
Extracting page 74 from Fall-2009-Final.pdf
Extracting page 75 from Fall-2009-Final.pdf
Extracting page 76 from Fall-2009-Final.pdf
Extracting page 77 from Fall-2009-Final.pdf
Extracting page 78 from Fall-2009-Final.pdf
Extracting page 79 from Fall-2009-Final.pdf
Extracting page 80 from Fall-2009-Final.pdf
Extracting page 81 from Fall-2009-Final.pdf
Extracting page 82 from Fall-2009-Final.pdf
Extracting page 83 from Fall-2009-Final.pdf
Extracting page 84 from Fall-2009-Final.pdf
Extracting page 85 from Fall-2009-Final.pdf
Extracting page 86 from Fall-2009-Final.pdf
Extracting page 87 from Fall-2009-Final.pdf
Extracting page 88 from Fall-2009-Final.pdf
Extracting page 89 from Fall-2009-Final.pdf
Extracting page 90 from Fall-2009-Final.pdf
Extracting page 91 from Fall-2009-Final.pdf
Extracting page 92 from Fall-2009-Final.pdf
Extracting page 93 from Fall-2009-Final.pdf
Extracting page 94 from Fall-2009-Final.pdf
Extracting page 95 from Fall-2009-Final.pdf
Extracting page 96 from Fall-2009-Final.pdf
Extracting page 97 from Fall-2009-Final.pdf
Extracting page 98 from Fall-2009-Final.pdf
Extracting page 99 from Fall-2009-Final.pdf
Extracting page 100 from Fall-2009-Final.pdf
Extracting page 101 from Fall-2009-Final.pdf
Extracting page 102 from Fall-2009-Final.pdf
Extracting page 103 from Fall-2009-Final.pdf
Extracting page 104 from Fall-2009-Final.pdf
Extracting page 105 from Fall-2009-Final.pdf
Extracting page 106 from Fall-2009-Final.pdf
Extracting page 107 from Fall-2009-Final.pdf
Extracting page 108 from Fall-2009-Final.pdf
Extracting page 109 from Fall-2009-Final.pdf
Extracting page 110 from Fall-2009-Final.pdf
Extracting page 111 from Fall-2009-Final.pdf
Extracting page 112 from Fall-2009-Final.pdf
Extracting page 113 from Fall-2009-Final.pdf
Extracting page 114 from Fall-2009-Final.pdf
Extracting page 115 from Fall-2009-Final.pdf
Extracting page 116 from Fall-2009-Final.pdf
Extracting page 117 from Fall-2009-Final.pdf
Extracting page 118 from Fall-2009-Final.pdf
Extracting page 119 from Fall-2009-Final.pdf
Extracting page 120 from Fall-2009-Final.pdf
Extracting page 121 from Fall-2009-Final.pdf
Extracting page 122 from Fall-2009-Final.pdf
Extracting page 123 from Fall-2009-Final.pdf
Extracting page 124 from Fall-2009-Final.pdf
Extracting page 125 from Fall-2009-Final.pdf
Extracting page 126 from Fall-2009-Final.pdf
Extracting page 127 from Fall-2009-Final.pdf
Extracting page 128 from Fall-2009-Final.pdf
Extracting page 129 from Fall-2009-Final.pdf
Extracting page 130 from Fall-2009-Final.pdf
Extracting page 131 from Fall-2009-Final.pdf
Extracting page 132 from Fall-2009-Final.pdf
Extracting page 133 from Fall-2009-Final.pdf
Extracting page 134 from Fall-2009-Final.pdf
Extracting page 135 from Fall-2009-Final.pdf
Extracting page 136 from Fall-2009-Final.pdf
Extracting page 137 from Fall-2009-Final.pdf
Extracting page 138 from Fall-2009-Final.pdf
Extracting page 139 from Fall-2009-Final.pdf
Extracting page 140 from Fall-2009-Final.pdf
Extracting page 141 from Fall-2009-Final.pdf
Extracting page 142 from Fall-2009-Final.pdf
Extracting page 143 from Fall-2009-Final.pdf
Extracting page 144 from Fall-2009-Final.pdf
Extracting page 145 from Fall-2009-Final.pdf
Extracting page 146 from Fall-2009-Final.pdf
Extracting page 147 from Fall-2009-Final.pdf
Extracting page 148 from Fall-2009-Final.pdf
Extracting page 149 from Fall-2009-Final.pdf
Extracting page 150 from Fall-2009-Final.pdf
Extracting page 151 from Fall-2009-Final.pdf
Extracting page 152 from Fall-2009-Final.pdf
Extracting page 153 from Fall-2009-Final.pdf
Extracting page 154 from Fall-2009-Final.pdf
Extracting page 155 from Fall-2009-Final.pdf
Extracting page 156 from Fall-2009-Final.pdf
Extracting page 157 from Fall-2009-Final.pdf
Extracting page 158 from Fall-2009-Final.pdf
Extracting page 159 from Fall-2009-Final.pdf
Extracting page 160 from Fall-2009-Final.pdf
Extracting page 161 from Fall-2009-Final.pdf
Extracting page 162 from Fall-2009-Final.pdf
Extracting page 163 from Fall-2009-Final.pdf
Extracting page 164 from Fall-2009-Final.pdf
Extracting page 165 from Fall-2009-Final.pdf
Extracting page 166 from Fall-2009-Final.pdf
Extracting page 167 from Fall-2009-Final.pdf
**********    Mon Oct 19 19:56:25 EDT 2009
**********    Running phase1 to phase 2 conversion
Processing 2008-FA-0127.txt... CLT101-99(0127) COMPUTER_LITERACY [PRIMAK_D]
Processing 2008-FA-0831.txt... MAT104-01(0127) MODERN_MATH_2 [STERN_L]
Processing 2008-FA-0832.txt... MAT104-02(0831) MODERN_MATH_2 [PULS_M]
Processing 2008-FA-0833.txt... MAT104-03(0832) MODERN_MATH_2 [PAIDOUSSIS_F]
Processing 2008-FA-0834.txt... MAT104-04(0833) MODERN_MATH_2 [GIORDANO_J]
Processing 2008-FA-0835.txt... MAT104-05(0834) MODERN_MATH_2 [TREMBINSKA_A]
Processing 2008-FA-0837.txt... MAT104-LC001(0835) LC001_MODERN_MATH_2 [PAIDOUSSIS_F]
Processing 2008-FA-0838.txt... MAT104-08(0837) MODERN_MATH_2 [TREMBINSKA_A]
Processing 2008-FA-0839.txt... MAT104-09(0838) MODERN_MATH_2 [FREMPONG_A]
Processing 2008-FA-0841.txt... MAT104-11(0839) MODERN_MATH_2 [PEIKES_M]
Processing 2008-FA-0842.txt... MAT104-12(0841) MODERN_MATH_2 [TREMBINSKA_A]
Processing 2008-FA-0843.txt... MAT104-13(0842) MODERN_MATH_2 [THOMAS_K]
Processing 2008-FA-0844.txt... MAT104-14(0843) MODERN_MATH_2 [SHAH]
Processing 2008-FA-0845.txt... MAT104-15(0844) MODERN_MATH_2 [PENTON_N]
Processing 2008-FA-0846.txt... MAT104-16(0845) MODERN_MATH_2 [FREMPONG_A]
Processing 2008-FA-0848.txt... MAT104-18(0846) MODERN_MATH_2 [THOMAS_K]
Processing 2008-FA-0850.txt... MAT104-20(0848) MODERN_MATH_2 [CHANDRAKANTHA_L]
Processing 2008-FA-0851.txt... MAT104-21(0850) MODERN_MATH_2 [LINN_G]
Processing 2008-FA-0852.txt... MAT104-22(0851) MODERN_MATH_2 [YOUNIS_N]
Processing 2008-FA-0853.txt... MAT104-23(0852) MODERN_MATH_2 [VAN_WAGENEN_L]
Processing 2008-FA-0854.txt... MAT104-24(0853) MODERN_MATH_2 [TOPLAN_S]
Processing 2008-FA-0855.txt... MAT104-25(0854) MODERN_MATH_2 [TOPLAN_S]
Processing 2008-FA-0856.txt... MAT104-26(0855) MODERN_MATH_2 [GILDE_E]
Processing 2008-FA-0857.txt... MAT104-27(0856) MODERN_MATH_2 [BARUCH_S]
Processing 2008-FA-0858.txt... MAT104-28(0857) MODERN_MATH_2 [SAMUEL_S]
Processing 2008-FA-0859.txt... MAT104-29(0858) MODERN_MATH_2 [MCHUGH_F]
Processing 2008-FA-0860.txt... MAT104-301(0859) MODERN_MATH_2 [WILLIAMS_A]
Processing 2008-FA-0861.txt... MAT104-302(0860) MODERN_MATH_2 [WILLIAMS_A]
Processing 2008-FA-0862.txt... MAT104-30(0861) MODERN_MATH_2 [MELHEM_A]
Processing 2008-FA-0863.txt... MAT104-31(0862) MODERN_MATH_2 [GILDE_E]
Processing 2008-FA-0864.txt... MAT104-32(0863) MODERN_MATH_2 [ANDREU_E]
Processing 2008-FA-0865.txt... MAT104-33(0864) MODERN_MATH_2 [VODOUNON_M]
Processing 2008-FA-0866.txt... MAT104-34(0865) MODERN_MATH_2 [MCHUGH_F]
Processing 2008-FA-0867.txt... MAT104-35(0866) MODERN_MATH_2 [MELHEM_A]
Processing 2008-FA-0868.txt... MAT104-36(0867) MODERN_MATH_2 [BARUCH_S]
Processing 2008-FA-0869.txt... MAT104-37(0868) MODERN_MATH_2 [PANNIZZO_F]
Processing 2008-FA-0870.txt... MAT104-38(0869) MODERN_MATH_2 [BARUCH_S]
Processing 2008-FA-0871.txt... MAT104-39(0870) MODERN_MATH_2 [BARUCH_S]
Processing 2008-FA-0872.txt... MAT104-40(0871) MODERN_MATH_2 [NARTEY_L]
Processing 2008-FA-0873.txt... MAT104-41(0872) MODERN_MATH_2 [CHUGH_O]
Processing 2008-FA-0874.txt... MAT104-42(0873) MODERN_MATH_2 [CHUGH_O]
Processing 2008-FA-0875.txt... MAT104-43(0874) MODERN_MATH_2 [VODOUNON_M]
Processing 2008-FA-0876.txt... MAT105-01(0875) MODERN_MATH_3 [GIORDANO_J]
Processing 2008-FA-0877.txt... MAT105-LC001(0876) LC001_MODERN_MATH_3 [THOMAS_K]
Processing 2008-FA-0878.txt... MAT105-03(0877) MODERN_MATH_3 [GRAFF_S]
Processing 2008-FA-0879.txt... MAT105-04(0878) MODERN_MATH_3 [MILLER_E]
Processing 2008-FA-0880.txt... MAT105-06(0879) MODERN_MATH_3 [GRAFF_S]
Processing 2008-FA-0881.txt... MAT105-07(0880) MODERN_MATH_3 [MARTINEZ_D]
Processing 2008-FA-0884.txt... MAT105-10(0881) MODERN_MATH_3 [SAMUEL_S]
Processing 2008-FA-0885.txt... MAT105-11(0884) MODERN_MATH_3 [SAMUEL_S]
Processing 2008-FA-0886.txt... MAT105-12(0885) MODERN_MATH_3 [VAN_WAGENEN_L]
Processing 2008-FA-0887.txt... MAT105-13(0886) MODERN_MATH_3 [JOHNSON_H]
Processing 2008-FA-0888.txt... MAT105-14(0887) MODERN_MATH_3 [SAMUEL_S]
Processing 2008-FA-0889.txt... MAT105-15(0888) MODERN_MATH_3 [JOHNSON_H]
Processing 2008-FA-0890.txt... MAT105-16(0889) MODERN_MATH_3 [KIM_J]
Processing 2008-FA-0891.txt... MAT105-17(0890) MODERN_MATH_3 [BIESTER_G]
Processing 2008-FA-0892.txt... MAT105-18(0891) MODERN_MATH_3 [MCGILL_M]
Processing 2008-FA-0893.txt... MAT105-19(0892) MODERN_MATH_3 [TAMARI_E]
Processing 2008-FA-0894.txt... MAT105-20(0893) MODERN_MATH_3 [TAMARI_E]
Processing 2008-FA-0895.txt... MAT105-301(0894) MODERN_MATH_3 [TAMARI_E]
Processing 2008-FA-0897.txt... MAT108-01(0895) SOCIAL_SCI_MATH [LIRIANO_S]
Processing 2008-FA-0898.txt... MAT108-02(0897) SOCIAL_SCI_MATH [KUGAN_T]
Processing 2008-FA-0899.txt... MAT108-03(0898) SOCIAL_SCI_MATH [GARRETT_K]
Processing 2008-FA-0900.txt... MAT108-04(0899) SOCIAL_SCI_MATH [HOENIG_A]
Processing 2008-FA-0901.txt... MAT108-05(0900) SOCIAL_SCI_MATH [ADEPO_E]
Processing 2008-FA-0902.txt... MAT108-06(0901) SOCIAL_SCI_MATH [SHAH]
Processing 2008-FA-0903.txt... MAT108-07(0902) SOCIAL_SCI_MATH [KUGAN_T]
Processing 2008-FA-0904.txt... MAT108-08(0903) SOCIAL_SCI_MATH [MARTINEZ_D]
Processing 2008-FA-0906.txt... MAT108-10(0904) SOCIAL_SCI_MATH [VODOUNON_M]
Processing 2008-FA-0907.txt... MAT108-98(0906) SOCIAL_SCI_MATH [NOBOA_J]
Processing 2008-FA-0908.txt... MAT108-97(0907) SOCIAL_SCI_MATH [NOBOA_J]
Processing 2008-FA-0909.txt... MAT108-13(0908) SOCIAL_SCI_MATH [TOPLAN_S]
Processing 2008-FA-0910.txt... MAT108-14(0909) SOCIAL_SCI_MATH [ANDREU_E]
Processing 2008-FA-0911.txt... MAT108-15(0910) SOCIAL_SCI_MATH [WELZ_G]
Processing 2008-FA-0912.txt... MAT108-16(0911) SOCIAL_SCI_MATH [MC_ARDLE_H]
Processing 2008-FA-0913.txt... MAT108-17(0912) SOCIAL_SCI_MATH [MCGILL_M]
Processing 2008-FA-0914.txt... MAT108-18(0913) SOCIAL_SCI_MATH [VODOUNON_M]
Processing 2008-FA-0915.txt... MAT108-19(0914) SOCIAL_SCI_MATH [MCGILL_M]
Processing 2008-FA-0916.txt... MAT108-20(0915) SOCIAL_SCI_MATH [BIESTER_G]
Processing 2008-FA-0917.txt... MAT108-21(0916) SOCIAL_SCI_MATH [PERRY-STOVAL_R]
Processing 2008-FA-0918.txt... MAT108-22(0917) SOCIAL_SCI_MATH [POLLAK_D]
Processing 2008-FA-0919.txt... MAT108-301(0918) SOCIAL_SCI_MATH [ANDREU_E]
Processing 2008-FA-0920.txt... MAT108-302(0919) SOCIAL_SCI_MATH [BEN_ZID_M]
Processing 2008-FA-0921.txt... MAT108-303(0920) SOCIAL_SCI_MATH [WILLIAMS_A]
Processing 2008-FA-0922.txt... MAT108-23(0921) SOCIAL_SCI_MATH [ARONOFF_R]
Processing 2008-FA-0923.txt... MAT108-24(0922) SOCIAL_SCI_MATH [GARRETT_K]
Processing 2008-FA-0924.txt... MAT141-01(0923) PRE-CALCULUS [GARRETT_K]
Processing 2008-FA-0925.txt... MAT141-02(0924) PRE-CALCULUS [TREMBINSKA_A]
Processing 2008-FA-0926.txt... MAT141-03(0925) PRE-CALCULUS [THOMAS_K]
Processing 2008-FA-0927.txt... MAT141-04(0926) PRE-CALCULUS [GARRETT_K]
Processing 2008-FA-0928.txt... MAT141-05(0927) PRE-CALCULUS [WIESCHENBERG_A]
Processing 2008-FA-0929.txt... MAT141-06(0928) PRE-CALCULUS [WIESCHENBERG_A]
Processing 2008-FA-0930.txt... MAT141-07(0929) PRE-CALCULUS [WIESCHENBERG_A]
Processing 2008-FA-0931.txt... MAT141-08(0930) PRE-CALCULUS [GEORGATOS_K]
Processing 2008-FA-0932.txt... MAT141-09(0931) PRE-CALCULUS [GEORGATOS_K]
Processing 2008-FA-0934.txt... MAT220-01(0932) SURV_CONC_OPR_RES [CHANDRAKANTHA_L]
Processing 2008-FA-0935.txt... MAT220-02(0934) SURV_CONC_OPR_RES [CHANDRAKANTHA_L]
Processing 2008-FA-0936.txt... MAT241-01(0935) CALCULUS_1 [HOENIG_A]
Processing 2008-FA-0937.txt... MAT241-02(0936) CALCULUS_1 [HOENIG_A]
Processing 2008-FA-0938.txt... MAT241-03(0937) CALCULUS_1 [MILLER_E]
Processing 2008-FA-0939.txt... MAT241-04(0938) CALCULUS_1 [SALANE_D]
Processing 2008-FA-0940.txt... MAT241-05(0939) CALCULUS_1 [SALANE_D]
Processing 2008-FA-0941.txt... MAT241-06(0940) CALCULUS_1 [WIESCHENBERG_A]
Processing 2008-FA-0942.txt... MAT242-01(0941) CALCULUS_2 [MILLER_E]
Processing 2008-FA-0943.txt... MAT242-02(0942) CALCULUS_2 [MILLER_E]
Processing 2008-FA-0944.txt... MAT270-01(0943) SEC_COMPUTER_DATA [WEST_J]
Processing 2008-FA-0946.txt... MAT271-01(0944) INTRO_COMPUTANDPROG [KAN_S]
Processing 2008-FA-0947.txt... MAT271-02(0946) INTRO_COMPUTANDPROG [KAN_S]
Processing 2008-FA-0948.txt... MAT271-03(0947) INTRO_COMPUTANDPROG [KAN_S]
Processing 2008-FA-0949.txt... MAT272-01(0948) OBJECT_ORIENTED_PROG [BAKIRAS_S]
Processing 2008-FA-0950.txt... MAT272-02(0949) OBJECT_ORIENTED_PROG [BAKIRAS_S]
Processing 2008-FA-0951.txt... MAT279-01(0950) INT_TELECOMMUNIC [JI_P]
Processing 2008-FA-0952.txt... MAT279-02(0951) INT_TELECOMMUNIC [YOUNIS_N]
Processing 2008-FA-0953.txt... MAT323-01(0952) OPERATIONS_RSCH_1 [PULS_M]
Processing 2008-FA-0954.txt... MAT373-01(0953) ADV_DATA_STRUCTUR [BAKIRAS_S]
Processing 2008-FA-0955.txt... MAT373-02(0954) ADV_DATA_STRUCTUR [BAKIRAS_S]
Processing 2008-FA-0957.txt... MAT375-02(0955) OPERATING_SYSTEMS [KIM_J]
Processing 2008-FA-0958.txt... MAT400-01(0957) QUANT_PROB_CRJ [GRAFF_S]
Processing 2008-FA-1678.txt... FCM700-01(0958) THE._FOUND._COMP_SEC [MANTHARAM_M]
Processing 2008-FA-1679.txt... FCM745-01(1678) NETWORK_FORENSICS [JI_P]
Processing 2008-FA-1680.txt... FCM760-01(1679) FOREN_MGT_DGTAL_EVID [KIM_J]
Processing 2008-FA-1916.txt... MAT104-44(1680) MODERN_MATH_2 [PENTON]
Processing 2008-FA-1918.txt... MAT105-05(1916) MODERN_MATH_3 [SHAMUILOVA_R]
Processing 2008-FA-1920.txt... MAT260-01(1918) DATA_PROCESSING [YOUNIS_N]
Processing 2008-FA-2022.txt... MAT301-01(1920) PROBABLTY_AND_STA_1 [SHENKIN_P]
Processing 2008-FA-2160.txt... CLT101-01(2022) COMPUTER_LITERACY [KACI_A]
Processing 2008-FA-2180.txt... MAT105-21(2160) MODERN_MATH_3 [YUSSIF_K]
Processing 2008-FA-2243.txt... MAT108-50(2180) SOCIAL_SCI_MATH [FARRAJ_R]
Processing 2008-FA-2369.txt... MAT108-501(2243) SOCIAL_SCI_MATH [MILLER_E]
Processing 2008-FA-2371.txt... MAT108-503(2369) SOCIAL_SCI_MATH [CHANDRAKANTHA_L]
Processing 2008-FA-2372.txt... CLT101-599(2371) COMPUTER_LITERACY [PRIMAK_D]
Processing 2008-FA-2396.txt... CLT101-598(2372) COMPUTER_LITERACY [SCHULTZ_E]
Processing 2008-FA-2440.txt... CLT101-98(2396) COMPUTER_LITERACY [SCHULTZ_E]
Processing 2008-FA-2449.txt... MAT243-01(2440) CALCULUS_3 [HOENIG_A]
Processing 2008-FA-2556.txt... MAT323-02(2449) OPERATIONS_RSCH_1 [PULS_M]
Processing 2008-FA-2557.txt... MAT104-46(2556) MODERN_MATH_2 [BISWAS_S]
Processing 2008-FA-2559.txt... MAT141-11(2557) PRE-CALCULUS [GEORGATOS_K]
Processing 2008-FA-2560.txt... MAT141-10(2559) PRE-CALCULUS [MANTHARAM_M]
Processing 2008-FA-2561.txt... MAT108-09(2560) SOCIAL_SCI_MATH [GARRETT_K]
Processing 2008-FA-2566.txt... MAT105-24(2561) MODERN_MATH_3 [KUGAN_T]
Processing 2008-FA-2592.txt... FCM753-01(2566) DIGITAL_FORENSIC_APP [KIM_S]
Processing 2008-FA-2824.txt... MAT241-08(2592) CALCULUS_1 [SEAMAN_C]
Processing 2008-FA-2825.txt... MAT241-07(2824) CALCULUS_1 [MANTHARAM_M]
Processing 2008-FA-2887.txt... MAT192-01(2825) MODERN_MATH_INTENSIV [THOMAS_K]
Processing 2008-FA-2888.txt... MAT298-01(2887) INTRO_FORENSIC_COMP [WEST_J]
Processing 2008-FA-2913.txt... CLT101-02(2888) COMPUTER_LITERACY [SOOKNANAN_P]
Processing 2008-FA-2914.txt... CLT101-03(2913) COMPUTER_LITERACY [KACI_A]
Processing 2008-FA-2915.txt... CLT101-04(2914) COMPUTER_LITERACY [SOOKNANAN_P]
Processing 2008-FA-2929.txt... MAT277-01(2915) COMP:STRA_DEC-MAK [KUGAN_T]
Processing 2008-FA-2931.txt... MAT104-50(2929) MODERN_MATH_2 [YUSSIF_K]
Processing 2008-FA-2985.txt... MAT242-50(2931) CALCULUS_2 [JOHNSON_H]
Processing 2008-FA-3107.txt... FCM780-150(2985) FIELD_WORK_IN_FCM [LOVELY_R]
Processing 2008-FA-3108.txt... FCM791-150(3107) PROSPECTUS_SEMINAR [KHAN_B]
Processing 2008-FA-3110.txt... MAT470-150(3108) DATBASE_SYS_CRJ [KHAN_B]
Processing 2008-FA-3150.txt... MAT260-401(3110) DATA_PROCESSING []
Processing 2008-FA-3152.txt... MAT389-150(3150) INDEPENDENT_STUDY [NOBOA_J]
Processing Fa2009-Final-Fall-0115.txt... CLT101-99(3152) COMPUTER_LITERACY [PRIMAK_D]
Processing Fa2009-Final-Fall-0731.txt... MAT104-01(0115) MODERN_MATH_2 [STERN_L]
Processing Fa2009-Final-Fall-0732.txt... MAT104-02(0731) MODERN_MATH_2 [PAIDOUSSIS_F]
Processing Fa2009-Final-Fall-0733.txt... MAT104-03(0732) MODERN_MATH_2 [PAIDOUSSIS_F]
Processing Fa2009-Final-Fall-0734.txt... MAT104-04(0733) MODERN_MATH_2 [GIORDANO_J]
Processing Fa2009-Final-Fall-0735.txt... MAT104-05(0734) MODERN_MATH_2 [TREMBINSKA_A]
Processing Fa2009-Final-Fall-0737.txt... MAT104-08(0735) MODERN_MATH_2 [TREMBINSKA_A]
Processing Fa2009-Final-Fall-0738.txt... MAT104-09(0737) MODERN_MATH_2 [FREMPONG_A]
Processing Fa2009-Final-Fall-0739.txt... MAT104-11(0738) MODERN_MATH_2 [PEIKES_M]
Processing Fa2009-Final-Fall-0740.txt... MAT104-13(0739) MODERN_MATH_2 [TREMBINSKA_A]
Processing Fa2009-Final-Fall-0741.txt... MAT104-14(0740) MODERN_MATH_2 [THOMAS_K]
Processing Fa2009-Final-Fall-0742.txt... MAT104-15(0741) MODERN_MATH_2 [PINA_J]
Processing Fa2009-Final-Fall-0743.txt... MAT104-16(0742) MODERN_MATH_2 [HERSH_H]
Processing Fa2009-Final-Fall-0744.txt... MAT104-17(0743) MODERN_MATH_2 [FREMPONG_A]
Processing Fa2009-Final-Fall-0745.txt... MAT104-18(0744) MODERN_MATH_2 [BINNS_K]
Processing Fa2009-Final-Fall-0746.txt... MAT104-21(0745) MODERN_MATH_2 [CHANDRAKANTHA_L]
Processing Fa2009-Final-Fall-0747.txt... MAT104-22(0746) MODERN_MATH_2 [YOUNIS_N]
Processing Fa2009-Final-Fall-0748.txt... MAT104-23(0747) MODERN_MATH_2 [YOUNIS_N]
Processing Fa2009-Final-Fall-0749.txt... MAT104-24(0748) MODERN_MATH_2 [SAMUEL_S]
Processing Fa2009-Final-Fall-0750.txt... MAT104-25(0749) MODERN_MATH_2 [TOPLAN_S]
Processing Fa2009-Final-Fall-0751.txt... MAT104-26(0750) MODERN_MATH_2 [TOPLAN_S]
Processing Fa2009-Final-Fall-0752.txt... MAT104-27(0751) MODERN_MATH_2 [GILDE_E]
Processing Fa2009-Final-Fall-0753.txt... MAT104-28(0752) MODERN_MATH_2 [ARONOFF_R]
Processing Fa2009-Final-Fall-0754.txt... MAT104-29(0753) MODERN_MATH_2 []
Processing Fa2009-Final-Fall-0755.txt... MAT104-30(0754) MODERN_MATH_2 [MCHUGH_F]
Processing Fa2009-Final-Fall-0756.txt... MAT104-301(0755) MODERN_MATH_2 [WILLIAMS_A]
Processing Fa2009-Final-Fall-0757.txt... MAT104-303(0756) MODERN_MATH_2 [WILLIAMS_A]
Processing Fa2009-Final-Fall-0758.txt... MAT104-38(0757) MODERN_MATH_2 [BIESTER_G]
Processing Fa2009-Final-Fall-0759.txt... MAT104-31(0758) MODERN_MATH_2 [BEN_ZID_M]
Processing Fa2009-Final-Fall-0760.txt... MAT104-32(0759) MODERN_MATH_2 [BOUBRAN_N]
Processing Fa2009-Final-Fall-0761.txt... MAT104-33(0760) MODERN_MATH_2 [VODOUNON_M]
Processing Fa2009-Final-Fall-0762.txt... MAT104-34(0761) MODERN_MATH_2 [MCHUGH_F]
Processing Fa2009-Final-Fall-0763.txt... MAT104-35(0762) MODERN_MATH_2 [SAMUEL_S]
Processing Fa2009-Final-Fall-0764.txt... MAT104-36(0763) MODERN_MATH_2 [POLANCO_E]
Processing Fa2009-Final-Fall-0765.txt... MAT104-37(0764) MODERN_MATH_2 [POLANCO_E]
Processing Fa2009-Final-Fall-0767.txt... MAT104-42(0765) MODERN_MATH_2 [BARUCH_S]
Processing Fa2009-Final-Fall-0768.txt... MAT104-43(0767) MODERN_MATH_2 [NARTEY_L]
Processing Fa2009-Final-Fall-0769.txt... MAT104-44(0768) MODERN_MATH_2 [CHUGH_O]
Processing Fa2009-Final-Fall-0770.txt... MAT104-45(0769) MODERN_MATH_2 [CHUGH_O]
Processing Fa2009-Final-Fall-0771.txt... MAT104-46(0770) MODERN_MATH_2 [VODOUNON_M]
Processing Fa2009-Final-Fall-0772.txt... MAT105-01(0771) MODERN_MATH_3 [GIORDANO_J]
Processing Fa2009-Final-Fall-0773.txt... MAT105-LC017(0772) LC017_MODERN_MATH_3 [THOMAS_K]
Processing Fa2009-Final-Fall-0774.txt... MAT105-02(0773) MODERN_MATH_3 [JO_L]
Processing Fa2009-Final-Fall-0775.txt... MAT105-04(0774) MODERN_MATH_3 [SOOKNANAN_P]
Processing Fa2009-Final-Fall-0776.txt... MAT105-06(0775) MODERN_MATH_3 [JO_L]
Processing Fa2009-Final-Fall-0777.txt... MAT105-07(0776) MODERN_MATH_3 [MARTINEZ_D]
Processing Fa2009-Final-Fall-0779.txt... MAT105-08(0777) MODERN_MATH_3 [VAN_WAGENEN_L]
Processing Fa2009-Final-Fall-0780.txt... MAT105-09(0779) MODERN_MATH_3 [YABLON_M]
Processing Fa2009-Final-Fall-0781.txt... MAT105-10(0780) MODERN_MATH_3 [SAMUEL_S]
Processing Fa2009-Final-Fall-0782.txt... MAT105-11(0781) MODERN_MATH_3 [YABLON_M]
Processing Fa2009-Final-Fall-0783.txt... MAT105-12(0782) MODERN_MATH_3 [YABLON_M]
Processing Fa2009-Final-Fall-0784.txt... MAT105-13(0783) MODERN_MATH_3 [MELHEM_A]
Processing Fa2009-Final-Fall-0786.txt... MAT105-17(0784) MODERN_MATH_3 [MELHEM_A]
Processing Fa2009-Final-Fall-0787.txt... MAT105-19(0786) MODERN_MATH_3 [TAMARI_E]
Processing Fa2009-Final-Fall-0788.txt... MAT105-20(0787) MODERN_MATH_3 [TAMARI_E]
Processing Fa2009-Final-Fall-0789.txt... MAT105-301(0788) MODERN_MATH_3 [TAMARI_E]
Processing Fa2009-Final-Fall-0790.txt... MAT108-01(0789) SOCIAL_SCI_MATH [LIRIANO_S]
Processing Fa2009-Final-Fall-0791.txt... MAT108-02(0790) SOCIAL_SCI_MATH [YUSSIF_K]
Processing Fa2009-Final-Fall-0792.txt... MAT108-03(0791) SOCIAL_SCI_MATH [GARRETT_K]
Processing Fa2009-Final-Fall-0793.txt... MAT108-04(0792) SOCIAL_SCI_MATH [HOENIG_A]
Processing Fa2009-Final-Fall-0794.txt... MAT108-05(0793) SOCIAL_SCI_MATH [CATALINOTTO_J]
Processing Fa2009-Final-Fall-0795.txt... MAT108-06(0794) SOCIAL_SCI_MATH [HOENIG_A]
Processing Fa2009-Final-Fall-0796.txt... MAT108-07(0795) SOCIAL_SCI_MATH [BRYK_J]
Processing Fa2009-Final-Fall-0797.txt... MAT108-08(0796) SOCIAL_SCI_MATH [MARTINEZ_D]
Processing Fa2009-Final-Fall-0798.txt... MAT108-10(0797) SOCIAL_SCI_MATH [VODOUNON_M]
Processing Fa2009-Final-Fall-0799.txt... MAT108-303(0798) SOCIAL_SCI_MATH [WILLIAMS_A]
Processing Fa2009-Final-Fall-0800.txt... MAT108-25(0799) SOCIAL_SCI_MATH [PINA_J]
Processing Fa2009-Final-Fall-0801.txt... MAT108-13(0800) SOCIAL_SCI_MATH [TOPLAN_S]
Processing Fa2009-Final-Fall-0802.txt... MAT108-14(0801) SOCIAL_SCI_MATH [ANDREU_E]
Processing Fa2009-Final-Fall-0803.txt... MAT108-15(0802) SOCIAL_SCI_MATH [WELZ_G]
Processing Fa2009-Final-Fall-0804.txt... MAT108-16(0803) SOCIAL_SCI_MATH [ANDREU_E]
Processing Fa2009-Final-Fall-0805.txt... MAT108-17(0804) SOCIAL_SCI_MATH [MCGILL_M]
Processing Fa2009-Final-Fall-0806.txt... MAT108-18(0805) SOCIAL_SCI_MATH [VODOUNON_M]
Processing Fa2009-Final-Fall-0807.txt... MAT108-19(0806) SOCIAL_SCI_MATH [MCGILL_M]
Processing Fa2009-Final-Fall-0808.txt... MAT108-20(0807) SOCIAL_SCI_MATH [BIESTER_G]
Processing Fa2009-Final-Fall-0809.txt... MAT108-21(0808) SOCIAL_SCI_MATH [MELHEM_A]
Processing Fa2009-Final-Fall-0810.txt... MAT108-22(0809) SOCIAL_SCI_MATH [POLLAK_D]
Processing Fa2009-Final-Fall-0811.txt... MAT108-301(0810) SOCIAL_SCI_MATH [LAM_W]
Processing Fa2009-Final-Fall-0812.txt... MAT108-302(0811) SOCIAL_SCI_MATH [ADEPO_E]
Processing Fa2009-Final-Fall-0813.txt... MAT108-304(0812) SOCIAL_SCI_MATH [CARELA_N]
Processing Fa2009-Final-Fall-0814.txt... MAT108-23(0813) SOCIAL_SCI_MATH [ARONOFF_R]
Processing Fa2009-Final-Fall-0815.txt... MAT108-24(0814) SOCIAL_SCI_MATH [PANNIZZO_F]
Processing Fa2009-Final-Fall-0816.txt... MAT141-01(0815) PRE-CALCULUS [GARRETT_K]
Processing Fa2009-Final-Fall-0817.txt... MAT141-02(0816) PRE-CALCULUS [TREMBINSKA_A]
Processing Fa2009-Final-Fall-0818.txt... MAT141-LC018(0817) LC018_PRE-CALCULUS [THOMAS_K]
Processing Fa2009-Final-Fall-0819.txt... MAT141-04(0818) PRE-CALCULUS [YABLON_M]
Processing Fa2009-Final-Fall-0820.txt... MAT141-05(0819) PRE-CALCULUS [JO_L]
Processing Fa2009-Final-Fall-0821.txt... MAT141-06(0820) PRE-CALCULUS [JO_L]
Processing Fa2009-Final-Fall-0822.txt... MAT141-07(0821) PRE-CALCULUS [NORASTEH_P]
Processing Fa2009-Final-Fall-0823.txt... MAT141-08(0822) PRE-CALCULUS [NORASTEH_P]
Processing Fa2009-Final-Fall-0824.txt... MAT141-09(0823) PRE-CALCULUS [GEORGATOS_K]
Processing Fa2009-Final-Fall-0825.txt... MAT220-01(0824) SURV_CONC_OPR_RES [CHANDRAKANTHA_L]
Processing Fa2009-Final-Fall-0827.txt... MAT241-01(0825) CALCULUS_1 [HOENIG_A]
Processing Fa2009-Final-Fall-0828.txt... MAT241-02(0827) CALCULUS_1 [HOENIG_A]
Processing Fa2009-Final-Fall-0829.txt... MAT241-03(0828) CALCULUS_1 [CHANDRAKANTHA_L]
Processing Fa2009-Final-Fall-0830.txt... MAT241-04(0829) CALCULUS_1 [MANTHARAM_M]
Processing Fa2009-Final-Fall-0831.txt... MAT241-05(0830) CALCULUS_1 [MCGILL_M]
Processing Fa2009-Final-Fall-0832.txt... MAT241-06(0831) CALCULUS_1 [BARUCH_S]
Processing Fa2009-Final-Fall-0833.txt... MAT242-01(0832) CALCULUS_2 [JOHNSON_H]
Processing Fa2009-Final-Fall-0834.txt... MAT242-02(0833) CALCULUS_2 [JOHNSON_H]
Processing Fa2009-Final-Fall-0835.txt... MAT270-01(0834) SEC_COMPUTER_DATA []
Processing Fa2009-Final-Fall-0836.txt... MAT271-01(0835) INTRO_COMPUTANDPROG [GRAFF_S]
Processing Fa2009-Final-Fall-0837.txt... MAT271-02(0836) INTRO_COMPUTANDPROG [GRAFF_S]
Processing Fa2009-Final-Fall-0838.txt... MAT271-03(0837) INTRO_COMPUTANDPROG [KAN_S]
Processing Fa2009-Final-Fall-0839.txt... MAT272-01(0838) OBJECT_ORIENTED_PROG [BAKIRAS_S]
Processing Fa2009-Final-Fall-0840.txt... MAT272-02(0839) OBJECT_ORIENTED_PROG [BAKIRAS_S]
Processing Fa2009-Final-Fall-0841.txt... MAT279-01(0840) INT_TELECOMMUNIC [SENGUPTA_S]
Processing Fa2009-Final-Fall-0842.txt... MAT279-02(0841) INT_TELECOMMUNIC [SENGUPTA_S]
Processing Fa2009-Final-Fall-0843.txt... MAT323-01(0842) OPERATIONS_RSCH_1 [PULS_M]
Processing Fa2009-Final-Fall-0844.txt... MAT373-01(0843) ADV_DATA_STRUCTUR [MANTHARAM_M]
Processing Fa2009-Final-Fall-0845.txt... MAT373-02(0844) ADV_DATA_STRUCTUR [MANTHARAM_M]
Processing Fa2009-Final-Fall-0846.txt... MAT375-02(0845) OPERATING_SYSTEMS [KIM_J]
Processing Fa2009-Final-Fall-0847.txt... MAT400-01(0846) QUANT_PROB_CRJ [GRAFF_S]
Processing Fa2009-Final-Fall-1507.txt... FCM700-01(0847) THE._FOUND._COMP_SEC [JOHNSON_H]
Processing Fa2009-Final-Fall-1508.txt... FCM745-01(1507) NETWORK_FORENSICS [SALANE_D]
Processing Fa2009-Final-Fall-1509.txt... FCM760-01(1508) FOREN_MGT_DGTAL_EVID [KIM_J]
Processing Fa2009-Final-Fall-1683.txt... MAT104-47(1509) MODERN_MATH_2 [OLIVO_J]
Processing Fa2009-Final-Fall-1684.txt... MAT105-05(1683) MODERN_MATH_3 [SHAMUILOVA_R]
Processing Fa2009-Final-Fall-1685.txt... MAT260-01(1684) DATA_PROCESSING [YOUNIS_N]
Processing Fa2009-Final-Fall-1752.txt... MAT301-01(1685) PROBABLTY_AND_STA_1 [SHENKIN_P]
Processing Fa2009-Final-Fall-1850.txt... CLT101-01(1752) COMPUTER_LITERACY [KACI_A]
Processing Fa2009-Final-Fall-1863.txt... MAT105-15(1850) MODERN_MATH_3 [LI_J]
Processing Fa2009-Final-Fall-1886.txt... MAT108-12(1863) SOCIAL_SCI_MATH [FARRAJ_R]
Processing Fa2009-Final-Fall-1985.txt... CLT101-98(1886) COMPUTER_LITERACY [SCHULTZ_E]
Processing Fa2009-Final-Fall-2073.txt... MAT323-02(1985) OPERATIONS_RSCH_1 [PULS_M]
Processing Fa2009-Final-Fall-2074.txt... MAT104-48(2073) MODERN_MATH_2 [ISLAM_M]
Processing Fa2009-Final-Fall-2076.txt... MAT141-11(2074) PRE-CALCULUS [GEORGATOS_K]
Processing Fa2009-Final-Fall-2077.txt... MAT141-10(2076) PRE-CALCULUS [GARRETT_K]
Processing Fa2009-Final-Fall-2078.txt... MAT108-09(2077) SOCIAL_SCI_MATH [VAN_WAGENEN_L]
Processing Fa2009-Final-Fall-2082.txt... MAT105-14(2078) MODERN_MATH_3 [KAN_S]
Processing Fa2009-Final-Fall-2105.txt... FCM753-01(2082) DIGITAL_FORENSIC_APP []
Processing Fa2009-Final-Fall-2227.txt... MAT241-08(2105) CALCULUS_1 [GILDE_E]
Processing Fa2009-Final-Fall-2228.txt... MAT241-07(2227) CALCULUS_1 [BRYK_J]
Processing Fa2009-Final-Fall-2276.txt... MAT298-01(2228) INTRO_FORENSIC_COMP [KHAN_B]
Processing Fa2009-Final-Fall-2295.txt... CLT101-02(2276) COMPUTER_LITERACY [MANDELBAUM_H]
Processing Fa2009-Final-Fall-2296.txt... CLT101-03(2295) COMPUTER_LITERACY [SEAMAN_C]
Processing Fa2009-Final-Fall-2297.txt... CLT101-04(2296) COMPUTER_LITERACY [MANDELBAUM_H]
Processing Fa2009-Final-Fall-2311.txt... MAT277-01(2297) COMP:STRA_DEC-MAK [CHANDRAKANTHA_L]
Processing Fa2009-Final-Fall-2312.txt... MAT104-49(2311) MODERN_MATH_2 [YUSSIF_K]
Processing Fa2009-Final-Fall-2351.txt... MAT242-50(2312) CALCULUS_2 [BOUBRAN_N]
Processing Fa2009-Final-Fall-3153.txt... FCM752-01(2351) LAW_AND_HIGH_TECH_CRIM [SCHWARTZ_A]
Processing Fa2009-Final-Fall-3208.txt... MAT104-LC015(3153) LC015_MODERN_MATH_2 [SHAMUILOVA_R]
Processing Fa2009-Final-Fall-3209.txt... MAT104-LC014(3208) LC014_MODERN_MATH_2 [SHAMUILOVA_R]
Processing Fa2009-Final-Fall-3210.txt... MAT104-10(3209) MODERN_MATH_2 [GARRETT_K]
Processing Fa2009-Final-Fall-3211.txt... MAT104-12(3210) MODERN_MATH_2 [YUSSIF_K]
Processing Fa2009-Final-Fall-3212.txt... MAT104-19(3211) MODERN_MATH_2 []
Processing Fa2009-Final-Fall-3214.txt... MAT104-302(3212) MODERN_MATH_2 [CHUGH_O]
Processing Fa2009-Final-Fall-3215.txt... MAT104-304(3214) MODERN_MATH_2 [BEN_ZID_M]
Processing Fa2009-Final-Fall-3217.txt... MAT104-41(3215) MODERN_MATH_2 [LI_J]
Processing Fa2009-Final-Fall-3218.txt... MAT104-56(3217) MODERN_MATH_2 []
Processing Fa2009-Final-Fall-3219.txt... MAT104-53(3218) MODERN_MATH_2 [ISLAM_M]
Processing Fa2009-Final-Fall-3220.txt... MAT104-59(3219) MODERN_MATH_2 [LI_J]
Processing Fa2009-Final-Fall-3221.txt... MAT104-54(3220) MODERN_MATH_2 [STAMBAUGH_T]
Processing Fa2009-Final-Fall-3222.txt... MAT104-51(3221) MODERN_MATH_2 [HAM_E]
Processing Fa2009-Final-Fall-3223.txt... MAT104-55(3222) MODERN_MATH_2 [NORASTEH_P]
Processing Fa2009-Final-Fall-3225.txt... MAT104-58(3223) MODERN_MATH_2 [PINA_J]
Processing Fa2009-Final-Fall-3226.txt... MAT104-60(3225) MODERN_MATH_2 [OLIVO_J]
Processing Fa2009-Final-Fall-3227.txt... MAT104-52(3226) MODERN_MATH_2 [MCGILL_M]
Processing Fa2009-Final-Fall-3228.txt... MAT104-57(3227) MODERN_MATH_2 [MCGILL_M]
Processing Fa2009-Final-Fall-3229.txt... MAT105-03(3228) MODERN_MATH_3 [MCARDLE_H]
Processing Fa2009-Final-Fall-3231.txt... MAT141-12(3229) PRE-CALCULUS [CARELA_N]
Processing Fa2009-Final-Fall-3239.txt... MAT271-04(3231) INTRO_COMPUTANDPROG [KAN_S]
Processing Fa2009-Final-Fall-3240.txt... MAT375-01(3239) OPERATING_SYSTEMS [KIM_J]
Processing Fa2009-Final-Fall-3484.txt... MAT108-11(3240) SOCIAL_SCI_MATH [BRYK_J]
Processing Fa2009-Final-Fall-3485.txt... MAT108-26(3484) SOCIAL_SCI_MATH [BINNS_K]
Processing Fa2009-Final-Fall-3880.txt... MAT404-150(3485) NETSEC_DEVEL_PROJECT [KHAN_B]
Processing Fa2009-Final-Fall-3895.txt... MAT404-151(3880) INTERN_MIS [SALANE_D]
**********    Mon Oct 19 19:56:35 EDT 2009
**********    Running load-temp.sql, showing added rows:
**********    Mon Oct 19 19:56:35 EDT 2009
**********    Running load-course.sql, showing added rows:
**********    Mon Oct 19 19:56:35 EDT 2009
**********    Running load-student.sql, showing added rows:
**********    Mon Oct 19 19:56:35 EDT 2009
**********    Running load-prof.sql, showing added rows:
**********    Mon Oct 19 19:56:35 EDT 2009
**********    Running load-offering.sql, showing added rows:
**********    Mon Oct 19 19:56:35 EDT 2009
**********    Running load-registration.sql, showing added rows:
**********    Mon Oct 19 19:56:36 EDT 2009
**********    Moving raw/* to processed
**********    Mon Oct 19 19:56:36 EDT 2009
**********    Cleaning out phase1/*
**********    Mon Oct 19 19:56:36 EDT 2009
**********    Cleaning out phase2/*
