**********    Sun Dec 5 13:58:54 EST 2010
**********    Running raw to phase 1 conversion
Processing foobar.pdf
Extracting page 1 from foobar.pdf
Processing 2010, FA semester, course 0678
Extracting page 2 from foobar.pdf
Processing 2010, FA semester, course 0679
Extracting page 3 from foobar.pdf
Processing 2010, FA semester, course 0680
Extracting page 4 from foobar.pdf
Processing 2010, FA semester, course 0681
Extracting page 5 from foobar.pdf
Processing 2010, FA semester, course 0686
Extracting page 6 from foobar.pdf
Processing 2010, FA semester, course 0687
Extracting page 7 from foobar.pdf
Processing 2010, FA semester, course 0688
Extracting page 8 from foobar.pdf
Processing 2010, FA semester, course 0689
Extracting page 9 from foobar.pdf
Processing 2010, FA semester, course 0690
Extracting page 10 from foobar.pdf
Processing 2010, FA semester, course 0691
Extracting page 11 from foobar.pdf
Processing 2010, FA semester, course 0692
Extracting page 12 from foobar.pdf
Processing 2010, FA semester, course 0693
Extracting page 13 from foobar.pdf
Processing 2010, FA semester, course 0694
Extracting page 14 from foobar.pdf
Processing 2010, FA semester, course 1490
Extracting page 15 from foobar.pdf
Processing 2010, FA semester, course 1491
Extracting page 16 from foobar.pdf
Processing 2010, FA semester, course 1492
Extracting page 17 from foobar.pdf
Processing 2010, FA semester, course 2478
Extracting page 18 from foobar.pdf
Processing 2010, FA semester, course 3571
Extracting page 19 from foobar.pdf
Processing 2010, FA semester, course 3572
Extracting page 20 from foobar.pdf
Processing 2010, FA semester, course 3584
Extracting page 21 from foobar.pdf
Processing 2010, FA semester, course 3585
**********    Sun Dec 5 13:58:54 EST 2010
**********    Running phase1 to phase 2 conversion
Processing 2010-FA-0678.txt... MATH100-01(0678) INT_BASIC_MATH_SK [Stern_L]
Processing 2010-FA-0679.txt... MATH100-02(0678) INT_BASIC_MATH_SK [Ben_Zid_M]
Processing 2010-FA-0680.txt... MATH100-03(0679) INT_BASIC_MATH_SK [Kola_B]
Processing 2010-FA-0681.txt... MATH100-04(0680) INT_BASIC_MATH_SK [Ben_Zid_M]
Processing 2010-FA-0686.txt... MATH103-01(0681) MODERN_MATH_I [Mandelbaum_H]
Processing 2010-FA-0687.txt... MATH103-02(0686) MODERN_MATH_I [Green_E]
Processing 2010-FA-0688.txt... MATH103-03(0687) MODERN_MATH_I [Green_E]
Processing 2010-FA-0689.txt... MATH103-04(0688) MODERN_MATH_I [Ben_Zid_M]
Processing 2010-FA-0690.txt... MATH103-05(0689) MODERN_MATH_I [Vanwagenen_L]
Processing 2010-FA-0691.txt... MATH103-06(0690) MODERN_MATH_I [Toplan_S]
Processing 2010-FA-0692.txt... MATH103-07(0691) MODERN_MATH_I [Pina_J]
Processing 2010-FA-0693.txt... MATH103-08(0692) MODERN_MATH_I [Baruch_S]
Processing 2010-FA-0694.txt... MATH103-09(0693) MODERN_MATH_I [Pina_J]
Processing 2010-FA-1490.txt... MATH103-10(0694) MODERN_MATH_I [SACKEYFIO_S]
Processing 2010-FA-1491.txt... MATH103-11(1490) MODERN_MATH_I [Pina_J]
Processing 2010-FA-1492.txt... MATH103-13(1491) MODERN_MATH_I [SACKEYFIO_S]
Processing 2010-FA-2478.txt... MATH103-12(1492) MODERN_MATH_I [Green_E]
Processing 2010-FA-3571.txt... MATH100-50(2478) INT_BASIC_MATH_SK [Kalmus_M]
Processing 2010-FA-3572.txt... MATH100-51(3571) INT_BASIC_MATH_SK [Kalmus_M]
Processing 2010-FA-3584.txt... MATH100-52(3572) INT_BASIC_MATH_SK [Kalmus_M]
Processing 2010-FA-3585.txt... MATH100-53(3584) INT_BASIC_MATH_SK [Hersh_H]
**********    Sun Dec 5 13:58:55 EST 2010
**********    Running load-temp.sql, showing added rows:
**********    Sun Dec 5 13:58:55 EST 2010
**********    Running load-course.sql, showing added rows:
**********    Sun Dec 5 13:58:55 EST 2010
**********    Running load-student.sql, showing added rows:
**********    Sun Dec 5 13:58:55 EST 2010
**********    Running load-prof.sql, showing added rows:
**********    Sun Dec 5 13:58:55 EST 2010
**********    Running load-offering.sql, showing added rows:
**********    Sun Dec 5 13:58:55 EST 2010
**********    Running load-registration.sql, showing added rows:
**********    Sun Dec 5 13:58:55 EST 2010
**********    Moving raw/* to processed
**********    Sun Dec 5 13:58:55 EST 2010
**********    Cleaning out phase1/*
**********    Sun Dec 5 13:58:55 EST 2010
**********    Cleaning out phase2/*
