**********    Mon Aug 9 15:09:58 EDT 2010
**********    Running raw to phase 1 conversion
Processing 2010 (SP)
Extracting page 1 from SP-2010.pdf
Extracting page 2 from SP-2010.pdf
Extracting page 3 from SP-2010.pdf
Extracting page 4 from SP-2010.pdf
Extracting page 5 from SP-2010.pdf
Extracting page 6 from SP-2010.pdf
Extracting page 7 from SP-2010.pdf
Extracting page 8 from SP-2010.pdf
Extracting page 9 from SP-2010.pdf
Extracting page 10 from SP-2010.pdf
Extracting page 11 from SP-2010.pdf
Extracting page 12 from SP-2010.pdf
Extracting page 13 from SP-2010.pdf
Extracting page 14 from SP-2010.pdf
Extracting page 15 from SP-2010.pdf
Extracting page 16 from SP-2010.pdf
Extracting page 17 from SP-2010.pdf
Extracting page 18 from SP-2010.pdf
Extracting page 19 from SP-2010.pdf
Extracting page 20 from SP-2010.pdf
Extracting page 21 from SP-2010.pdf
Extracting page 22 from SP-2010.pdf
Extracting page 23 from SP-2010.pdf
Extracting page 24 from SP-2010.pdf
Extracting page 25 from SP-2010.pdf
Extracting page 26 from SP-2010.pdf
Extracting page 27 from SP-2010.pdf
Extracting page 28 from SP-2010.pdf
Extracting page 29 from SP-2010.pdf
Extracting page 30 from SP-2010.pdf
Extracting page 31 from SP-2010.pdf
Extracting page 32 from SP-2010.pdf
Extracting page 33 from SP-2010.pdf
Extracting page 34 from SP-2010.pdf
Extracting page 35 from SP-2010.pdf
Extracting page 36 from SP-2010.pdf
Extracting page 37 from SP-2010.pdf
Extracting page 38 from SP-2010.pdf
Extracting page 39 from SP-2010.pdf
Extracting page 40 from SP-2010.pdf
Extracting page 41 from SP-2010.pdf
Extracting page 42 from SP-2010.pdf
Extracting page 43 from SP-2010.pdf
Extracting page 44 from SP-2010.pdf
Extracting page 45 from SP-2010.pdf
Extracting page 46 from SP-2010.pdf
Extracting page 47 from SP-2010.pdf
Extracting page 48 from SP-2010.pdf
Extracting page 49 from SP-2010.pdf
Extracting page 50 from SP-2010.pdf
Extracting page 51 from SP-2010.pdf
Extracting page 52 from SP-2010.pdf
Extracting page 53 from SP-2010.pdf
Extracting page 54 from SP-2010.pdf
Extracting page 55 from SP-2010.pdf
Extracting page 56 from SP-2010.pdf
Extracting page 57 from SP-2010.pdf
Extracting page 58 from SP-2010.pdf
Extracting page 59 from SP-2010.pdf
Extracting page 60 from SP-2010.pdf
Extracting page 61 from SP-2010.pdf
Extracting page 62 from SP-2010.pdf
Extracting page 63 from SP-2010.pdf
Extracting page 64 from SP-2010.pdf
Extracting page 65 from SP-2010.pdf
Extracting page 66 from SP-2010.pdf
Extracting page 67 from SP-2010.pdf
Extracting page 68 from SP-2010.pdf
Extracting page 69 from SP-2010.pdf
Extracting page 70 from SP-2010.pdf
Extracting page 71 from SP-2010.pdf
Extracting page 72 from SP-2010.pdf
Extracting page 73 from SP-2010.pdf
Extracting page 74 from SP-2010.pdf
Extracting page 75 from SP-2010.pdf
Extracting page 76 from SP-2010.pdf
Extracting page 77 from SP-2010.pdf
Extracting page 78 from SP-2010.pdf
Extracting page 79 from SP-2010.pdf
Extracting page 80 from SP-2010.pdf
Extracting page 81 from SP-2010.pdf
Extracting page 82 from SP-2010.pdf
Extracting page 83 from SP-2010.pdf
Extracting page 84 from SP-2010.pdf
Extracting page 85 from SP-2010.pdf
Extracting page 86 from SP-2010.pdf
Extracting page 87 from SP-2010.pdf
Extracting page 88 from SP-2010.pdf
Extracting page 89 from SP-2010.pdf
Extracting page 90 from SP-2010.pdf
Extracting page 91 from SP-2010.pdf
Extracting page 92 from SP-2010.pdf
Extracting page 93 from SP-2010.pdf
Extracting page 94 from SP-2010.pdf
Extracting page 95 from SP-2010.pdf
Extracting page 96 from SP-2010.pdf
Extracting page 97 from SP-2010.pdf
Extracting page 98 from SP-2010.pdf
Extracting page 99 from SP-2010.pdf
Extracting page 100 from SP-2010.pdf
Extracting page 101 from SP-2010.pdf
Extracting page 102 from SP-2010.pdf
Extracting page 103 from SP-2010.pdf
Extracting page 104 from SP-2010.pdf
Extracting page 105 from SP-2010.pdf
Extracting page 106 from SP-2010.pdf
Extracting page 107 from SP-2010.pdf
Extracting page 108 from SP-2010.pdf
Extracting page 109 from SP-2010.pdf
Extracting page 110 from SP-2010.pdf
Extracting page 111 from SP-2010.pdf
Extracting page 112 from SP-2010.pdf
Extracting page 113 from SP-2010.pdf
Extracting page 114 from SP-2010.pdf
Extracting page 115 from SP-2010.pdf
Extracting page 116 from SP-2010.pdf
Extracting page 117 from SP-2010.pdf
Extracting page 118 from SP-2010.pdf
Extracting page 119 from SP-2010.pdf
Extracting page 120 from SP-2010.pdf
Extracting page 121 from SP-2010.pdf
Extracting page 122 from SP-2010.pdf
Extracting page 123 from SP-2010.pdf
Extracting page 124 from SP-2010.pdf
Extracting page 125 from SP-2010.pdf
Extracting page 126 from SP-2010.pdf
Extracting page 127 from SP-2010.pdf
Extracting page 128 from SP-2010.pdf
Extracting page 129 from SP-2010.pdf
Extracting page 130 from SP-2010.pdf
Extracting page 131 from SP-2010.pdf
Extracting page 132 from SP-2010.pdf
Extracting page 133 from SP-2010.pdf
Extracting page 134 from SP-2010.pdf
Extracting page 135 from SP-2010.pdf
Extracting page 136 from SP-2010.pdf
Extracting page 137 from SP-2010.pdf
Extracting page 138 from SP-2010.pdf
Extracting page 139 from SP-2010.pdf
Extracting page 140 from SP-2010.pdf
Extracting page 141 from SP-2010.pdf
Extracting page 142 from SP-2010.pdf
Extracting page 143 from SP-2010.pdf
Extracting page 144 from SP-2010.pdf
Extracting page 145 from SP-2010.pdf
Extracting page 146 from SP-2010.pdf
Extracting page 147 from SP-2010.pdf
Extracting page 148 from SP-2010.pdf
Extracting page 149 from SP-2010.pdf
Extracting page 150 from SP-2010.pdf
Extracting page 151 from SP-2010.pdf
Extracting page 152 from SP-2010.pdf
Extracting page 153 from SP-2010.pdf
Extracting page 154 from SP-2010.pdf
**********    Mon Aug 9 15:10:01 EDT 2010
**********    Running phase1 to phase 2 conversion
Processing 2010-SP-0119.txt... CLT101-99(0119) COMPUTER_LITERACY [PRIMAK_D]
Processing 2010-SP-0723.txt... MAT104-01(0119) MODERN_MATH_2 [Stern_L]
Processing 2010-SP-0724.txt... MAT104-02(0723) MODERN_MATH_2 [Jo_L]
Processing 2010-SP-0725.txt... MAT104-04(0724) MODERN_MATH_2 [Shamuilova_R]
Processing 2010-SP-0726.txt... MAT104-05(0725) MODERN_MATH_2 [Stern_L]
Processing 2010-SP-0727.txt... MAT104-06(0726) MODERN_MATH_2 [Shamuilova_R]
Processing 2010-SP-0728.txt... MAT104-07(0727) MODERN_MATH_2 [Thomas_K]
Processing 2010-SP-0729.txt... MAT104-08(0728) MODERN_MATH_2 [Hersh_H]
Processing 2010-SP-0730.txt... MAT104-09(0729) MODERN_MATH_2 [Green_E]
Processing 2010-SP-0731.txt... MAT104-10(0730) MODERN_MATH_2 [Binns_K]
Processing 2010-SP-0732.txt... MAT104-11(0731) MODERN_MATH_2 [TREMBINSKA_A]
Processing 2010-SP-0733.txt... MAT104-12(0732) MODERN_MATH_2 [Green_E]
Processing 2010-SP-0734.txt... MAT104-13(0733) MODERN_MATH_2 [Gilde_E]
Processing 2010-SP-0735.txt... MAT104-14(0734) MODERN_MATH_2 [CHEN_T]
Processing 2010-SP-0736.txt... MAT104-15(0735) MODERN_MATH_2 [SAMUEL_S]
Processing 2010-SP-0737.txt... MAT104-16(0736) MODERN_MATH_2 [Toplan_S]
Processing 2010-SP-0738.txt... MAT104-17(0737) MODERN_MATH_2 [OLIVO_J]
Processing 2010-SP-0739.txt... MAT104-18(0738) MODERN_MATH_2 [Andreu_E]
Processing 2010-SP-0740.txt... MAT104-19(0739) MODERN_MATH_2 [SAMUEL_S]
Processing 2010-SP-0741.txt... MAT104-21(0740) MODERN_MATH_2 [Polanco_E]
Processing 2010-SP-0742.txt... MAT104-22(0741) MODERN_MATH_2 [Polanco_E]
Processing 2010-SP-0743.txt... MAT104-23(0742) MODERN_MATH_2 [Welz_G]
Processing 2010-SP-0744.txt... MAT104-24(0743) MODERN_MATH_2 [Welz_G]
Processing 2010-SP-0745.txt... MAT104-25(0744) MODERN_MATH_2 [McGill_M]
Processing 2010-SP-0746.txt... MAT104-20(0745) MODERN_MATH_2 [TAMARI_E]
Processing 2010-SP-0751.txt... MAT104-301(0746) MODERN_MATH_2 [TAMARI_E]
Processing 2010-SP-0752.txt... MAT104-302(0751) MODERN_MATH_2 [TAMARI_E]
Processing 2010-SP-0754.txt... MAT105-01(0752) MODERN_MATH_3 [GRAFF_S]
Processing 2010-SP-0755.txt... MAT105-02(0754) MODERN_MATH_3 []
Processing 2010-SP-0756.txt... MAT105-03(0755) MODERN_MATH_3 [SAMUEL_S]
Processing 2010-SP-0757.txt... MAT105-04(0756) MODERN_MATH_3 [CHEN_T]
Processing 2010-SP-0758.txt... MAT105-08(0757) MODERN_MATH_3 [McGill_M]
Processing 2010-SP-0759.txt... MAT105-05(0758) MODERN_MATH_3 [SAMUEL_S]
Processing 2010-SP-0760.txt... MAT108-01(0759) SOCIAL_SCI_MATH [Giordano_J]
Processing 2010-SP-0761.txt... MAT108-02(0760) SOCIAL_SCI_MATH [Peikes_M]
Processing 2010-SP-0762.txt... MAT108-03(0761) SOCIAL_SCI_MATH [Stern_L]
Processing 2010-SP-0763.txt... MAT108-04(0762) SOCIAL_SCI_MATH [HOENIG_A]
Processing 2010-SP-0764.txt... MAT108-05(0763) SOCIAL_SCI_MATH [Jo_L]
Processing 2010-SP-0765.txt... MAT108-06(0764) SOCIAL_SCI_MATH [HOENIG_A]
Processing 2010-SP-0766.txt... MAT108-07(0765) SOCIAL_SCI_MATH [Thomas_K]
Processing 2010-SP-0767.txt... MAT108-08(0766) SOCIAL_SCI_MATH [Habeeb_M]
Processing 2010-SP-0768.txt... MAT108-10(0767) SOCIAL_SCI_MATH [Habeeb_M]
Processing 2010-SP-0769.txt... MAT108-11(0768) SOCIAL_SCI_MATH [Islam_M]
Processing 2010-SP-0770.txt... MAT108-12(0769) SOCIAL_SCI_MATH [Binns_K]
Processing 2010-SP-0771.txt... MAT108-13(0770) SOCIAL_SCI_MATH [Thomas_K]
Processing 2010-SP-0772.txt... MAT108-14(0771) SOCIAL_SCI_MATH [BIESTER_G]
Processing 2010-SP-0773.txt... MAT108-15(0772) SOCIAL_SCI_MATH [BIESTER_G]
Processing 2010-SP-0774.txt... MAT108-17(0773) SOCIAL_SCI_MATH [JOHNSON_H]
Processing 2010-SP-0775.txt... MAT108-19(0774) SOCIAL_SCI_MATH [JOHNSON_H]
Processing 2010-SP-0776.txt... MAT108-20(0775) SOCIAL_SCI_MATH [McGill_M]
Processing 2010-SP-0777.txt... MAT108-21(0776) SOCIAL_SCI_MATH [Toplan_S]
Processing 2010-SP-0778.txt... MAT108-22(0777) SOCIAL_SCI_MATH [McGill_M]
Processing 2010-SP-0779.txt... MAT108-23(0778) SOCIAL_SCI_MATH [Gilde_E]
Processing 2010-SP-0780.txt... MAT108-24(0779) SOCIAL_SCI_MATH [Mcardle_H]
Processing 2010-SP-0781.txt... MAT108-25(0780) SOCIAL_SCI_MATH [Gilde_E]
Processing 2010-SP-0782.txt... MAT108-26(0781) SOCIAL_SCI_MATH [Toplan_S]
Processing 2010-SP-0783.txt... MAT108-28(0782) SOCIAL_SCI_MATH [Kim_J]
Processing 2010-SP-0784.txt... MAT108-302(0783) SOCIAL_SCI_MATH [WILLIAMS_A]
Processing 2010-SP-0785.txt... MAT108-30(0784) SOCIAL_SCI_MATH [Kim_J]
Processing 2010-SP-0786.txt... MAT108-31(0785) SOCIAL_SCI_MATH [Melhem_A]
Processing 2010-SP-0787.txt... MAT108-32(0786) SOCIAL_SCI_MATH [Stambaugh_T]
Processing 2010-SP-0788.txt... MAT108-33(0787) SOCIAL_SCI_MATH [Martinez_D]
Processing 2010-SP-0789.txt... MAT108-34(0788) SOCIAL_SCI_MATH [Martinez_D]
Processing 2010-SP-0790.txt... MAT108-35(0789) SOCIAL_SCI_MATH [Stambaugh_T]
Processing 2010-SP-0791.txt... MAT108-27(0790) SOCIAL_SCI_MATH [Vodounon_M]
Processing 2010-SP-0792.txt... MAT141-02(0791) PRE-CALCULUS [Shamuilova_R]
Processing 2010-SP-0793.txt... MAT141-03(0792) PRE-CALCULUS [TREMBINSKA_A]
Processing 2010-SP-0794.txt... MAT141-05(0793) PRE-CALCULUS [Vodounon_M]
Processing 2010-SP-0795.txt... MAT141-06(0794) PRE-CALCULUS [Goubran_N]
Processing 2010-SP-0796.txt... MAT141-07(0795) PRE-CALCULUS [KAN_S]
Processing 2010-SP-0797.txt... MAT141-09(0796) PRE-CALCULUS [Ben_Zid_M]
Processing 2010-SP-0798.txt... MAT141-01(0797) PRE-CALCULUS [Thomas_K]
Processing 2010-SP-0799.txt... MAT241-01(0798) CALCULUS_1 [Thomas_K]
Processing 2010-SP-0801.txt... MAT241-03(0799) CALCULUS_1 [SALANE_D]
Processing 2010-SP-0802.txt... MAT241-04(0801) CALCULUS_1 [SALANE_D]
Processing 2010-SP-0803.txt... MAT241-05(0802) CALCULUS_1 [Mantharam_M]
Processing 2010-SP-0804.txt... MAT242-01(0803) CALCULUS_2 [BRYK_J]
Processing 2010-SP-0805.txt... MAT242-02(0804) CALCULUS_2 [BRYK_J]
Processing 2010-SP-0806.txt... MAT242-03(0805) CALCULUS_2 [PULS_M]
Processing 2010-SP-0807.txt... MAT242-04(0806) CALCULUS_2 [Mantharam_M]
Processing 2010-SP-0808.txt... MAT271-01(0807) INTRO_COMPUTANDPROG [SIEGEL_E]
Processing 2010-SP-0810.txt... MAT272-01(0808) OBJECT_ORIENTED_PROG [KAN_S]
Processing 2010-SP-0811.txt... MAT279-01(0810) INT_TELECOMMUNIC [Sengupta_S]
Processing 2010-SP-0812.txt... MAT324-01(0811) OPERATIONS_RSCH [PULS_M]
Processing 2010-SP-0813.txt... MAT374-01(0812) PROGRAM_LANGUAGES [Kim_J]
Processing 2010-SP-0814.txt... MAT374-02(0813) PROGRAM_LANGUAGES [Kim_J]
Processing 2010-SP-0815.txt... MAT377-01(0814) COMPUTER_ALGORITHMS [Mantharam_M]
Processing 2010-SP-0816.txt... MAT377-02(0815) COMPUTER_ALGORITHMS [Mantharam_M]
Processing 2010-SP-0817.txt... MAT404-01(0816) INTERN_MIS [GRAFF_S]
Processing 2010-SP-1414.txt... STA250-01(0817) STAT-PRIN/METHODS [SHLOSBERG_A]
Processing 2010-SP-1415.txt... STA250-02(1414) STAT-PRIN/METHODS [Epstein_C]
Processing 2010-SP-1416.txt... STA250-03(1415) STAT-PRIN/METHODS [KOPP_P]
Processing 2010-SP-1417.txt... STA250-04(1416) STAT-PRIN/METHODS [GERBER_G]
Processing 2010-SP-1418.txt... STA250-06(1417) STAT-PRIN/METHODS [CHRISTIANSEN_K]
Processing 2010-SP-1419.txt... STA250-07(1418) STAT-PRIN/METHODS [KROLL_R]
Processing 2010-SP-1420.txt... STA250-08(1419) STAT-PRIN/METHODS [Norasteh_P]
Processing 2010-SP-1421.txt... STA250-09(1420) STAT-PRIN/METHODS [Chandrakantha_M]
Processing 2010-SP-1422.txt... STA250-99(1421) STAT-PRIN/METHODS [Smith_M]
Processing 2010-SP-1423.txt... STA250-13(1422) STAT-PRIN/METHODS [SEAMAN_C]
Processing 2010-SP-1424.txt... STA250-15(1423) STAT-PRIN/METHODS [SEAMAN_C]
Processing 2010-SP-1425.txt... STA250-16(1424) STAT-PRIN/METHODS [PO_LAM_H]
Processing 2010-SP-1426.txt... STA250-18(1425) STAT-PRIN/METHODS [OLAOYE_E]
Processing 2010-SP-1427.txt... STA250-19(1426) STAT-PRIN/METHODS [OLAOYE_E]
Processing 2010-SP-1428.txt... STA250-301(1427) STAT-PRIN/METHODS [FERNANDEZ_T]
Processing 2010-SP-1617.txt... STA250-12(1428) STAT-PRIN/METHODS [PARKIN_W]
Processing 2010-SP-1618.txt... MAT241-02(1617) CALCULUS_1 [Younis_N]
Processing 2010-SP-1673.txt... STA250-05(1618) STAT-PRIN/METHODS [KROLL_R]
Processing 2010-SP-1674.txt... STA250-14(1673) STAT-PRIN/METHODS [Bobrow_A]
Processing 2010-SP-1675.txt... STA250-17(1674) STAT-PRIN/METHODS [PO_LAM_H]
Processing 2010-SP-1676.txt... STA250-20(1675) STAT-PRIN/METHODS [Smith_M]
Processing 2010-SP-1693.txt... STA250-21(1676) STAT-PRIN/METHODS [CHRISTIANSEN_K]
Processing 2010-SP-1699.txt... CLT101-98(1693) COMPUTER_LITERACY [Schultz_E]
Processing 2010-SP-1812.txt... MAT470-01(1699) DATBASE_SYS_CRJ [BAKIRAS_S]
Processing 2010-SP-2009.txt... FCM710-01(1812) ARCHTCTRE_SEC_OP_SYS [Sengupta_S]
Processing 2010-SP-2010.txt... FCM742-01(2009) NETWORK_SECURITY [GRAFF_S]
Processing 2010-SP-2011.txt... FCM705-01(2010) MATH_STAT_FOS_ANLSYS [Chandrakantha_M]
Processing 2010-SP-2081.txt... CLT101-01(2011) COMPUTER_LITERACY [KACI_A]
Processing 2010-SP-2107.txt... MAT279-02(2081) INT_TELECOMMUNIC [SCHAPER_C]
Processing 2010-SP-2109.txt... MAT271-02(2107) INTRO_COMPUTANDPROG [SIEGEL_E]
Processing 2010-SP-2110.txt... MAT242-05(2109) CALCULUS_2 [Baruch_S]
Processing 2010-SP-2148.txt... FCM752-01(2110) LAW_AND_HIGH_TECH_CRIM [Schwartz_A]
Processing 2010-SP-2158.txt... MAT105-06(2148) MODERN_MATH_3 [Melhem_A]
Processing 2010-SP-2159.txt... MAT105-07(2158) MODERN_MATH_3 [Pollak_D]
Processing 2010-SP-2162.txt... MAT108-18(2159) SOCIAL_SCI_MATH [Nartey_L]
Processing 2010-SP-2163.txt... MAT108-301(2162) SOCIAL_SCI_MATH [WILLIAMS_A]
Processing 2010-SP-2164.txt... MAT141-04(2163) PRE-CALCULUS [PANNIZZO_F]
Processing 2010-SP-2165.txt... MAT141-10(2164) PRE-CALCULUS [Baruch_S]
Processing 2010-SP-2166.txt... MAT141-11(2165) PRE-CALCULUS [Goubran_N]
Processing 2010-SP-2191.txt... MAT104-03(2166) MODERN_MATH_2 [TREMBINSKA_A]
Processing 2010-SP-2192.txt... MAT108-36(2191) SOCIAL_SCI_MATH [Farraj_R]
Processing 2010-SP-2193.txt... MAT141-08(2192) PRE-CALCULUS [PANNIZZO_F]
Processing 2010-SP-2194.txt... MAT204-01(2193) DISCRETE_STRUCTURES [Garrett_K]
Processing 2010-SP-2238.txt... STA250-10(2194) STAT-PRIN/METHODS [Norasteh_P]
Processing 2010-SP-2246.txt... MAT108-37(2238) SOCIAL_SCI_MATH [Farraj_R]
Processing 2010-SP-2247.txt... MAT108-29(2246) SOCIAL_SCI_MATH [Mcardle_H]
Processing 2010-SP-2368.txt... FCM727-01(2247) CYBERCRIMINOLOGY [LOVELY_R]
Processing 2010-SP-2369.txt... FCM740-01(2368) DATA_COM_FOREN_AND_SEC [BAKIRAS_S]
Processing 2010-SP-2375.txt... MAT108-16(2369) SOCIAL_SCI_MATH [Mcardle_H]
Processing 2010-SP-2376.txt... MAT108-09(2375) SOCIAL_SCI_MATH [Peikes_M]
Processing 2010-SP-2857.txt... STA250-11(2376) STAT-PRIN/METHODS [KOPP_P]
Processing 2010-SP-2867.txt... MAT243-01(2857) CALCULUS_3 [HOENIG_A]
Processing 2010-SP-2868.txt... CLT101-03(2867) COMPUTER_LITERACY [MANDELBAUM_H]
Processing 2010-SP-2869.txt... CLT101-04(2868) COMPUTER_LITERACY [MANDELBAUM_H]
Processing 2010-SP-2876.txt... MAT220-01(2869) SURV_CONC_OPR_RES [Chandrakantha_M]
Processing 2010-SP-2892.txt... MAT379-01(2876) COMPUTER_NETWORKING [Sengupta_S]
Processing 2010-SP-2894.txt... MAT301-01(2892) PROBABLTY_AND_STA_1 [Shenkin_P]
Processing 2010-SP-2895.txt... MAT141-12(2894) PRE-CALCULUS [Vodounon_M]
Processing 2010-SP-2897.txt... MAT271-03(2895) INTRO_COMPUTANDPROG [SIEGEL_E]
Processing 2010-SP-2899.txt... MAT260-02(2897) DATA_PROCESSING [CHANDLER_K]
Processing 2010-SP-2900.txt... MAT270-01(2899) SEC_COMPUTER_DATA []
Processing 2010-SP-3150.txt... MAT400-150(2900) QUANT_PROB_CRJ [SALANE_D]
Processing 2010-SP-3167.txt... MAT104-50(3150) MODERN_MATH_2 [Vanwagenen_L]
Processing 2010-SP-3169.txt... MAT105-50(3167) MODERN_MATH_3 [Kola_B]
Processing 2010-SP-3171.txt... MAT108-50(3169) SOCIAL_SCI_MATH [Chugh_O]
**********    Mon Aug 9 15:10:05 EDT 2010
**********    Running load-temp.sql, showing added rows:
**********    Mon Aug 9 15:10:06 EDT 2010
**********    Running load-course.sql, showing added rows:
**********    Mon Aug 9 15:10:06 EDT 2010
**********    Running load-student.sql, showing added rows:
**********    Mon Aug 9 15:10:06 EDT 2010
**********    Running load-prof.sql, showing added rows:
**********    Mon Aug 9 15:10:06 EDT 2010
**********    Running load-offering.sql, showing added rows:
**********    Mon Aug 9 15:10:06 EDT 2010
**********    Running load-registration.sql, showing added rows:
**********    Mon Aug 9 15:10:06 EDT 2010
**********    Moving raw/* to processed
**********    Mon Aug 9 15:10:06 EDT 2010
**********    Cleaning out phase1/*
**********    Mon Aug 9 15:10:06 EDT 2010
**********    Cleaning out phase2/*
